### Starting TaskPrologue of job 2243389 on a0604 at Sun Dec 15 22:00:35 CET 2024
Running on cores 0-31,96-127 with governor ondemand
Sun Dec 15 22:00:35 2024       
+-----------------------------------------------------------------------------------------+
| NVIDIA-SMI 560.35.03              Driver Version: 560.35.03      CUDA Version: 12.6     |
|-----------------------------------------+------------------------+----------------------+
| GPU  Name                 Persistence-M | Bus-Id          Disp.A | Volatile Uncorr. ECC |
| Fan  Temp   Perf          Pwr:Usage/Cap |           Memory-Usage | GPU-Util  Compute M. |
|                                         |                        |               MIG M. |
|=========================================+========================+======================|
|   0  NVIDIA A100-SXM4-40GB          On  |   00000000:0E:00.0 Off |                    0 |
| N/A   34C    P0             56W /  400W |       1MiB /  40960MiB |      0%      Default |
|                                         |                        |             Disabled |
+-----------------------------------------+------------------------+----------------------+
|   1  NVIDIA A100-SXM4-40GB          On  |   00000000:13:00.0 Off |                    0 |
| N/A   33C    P0             54W /  400W |       1MiB /  40960MiB |      0%      Default |
|                                         |                        |             Disabled |
+-----------------------------------------+------------------------+----------------------+
|   2  NVIDIA A100-SXM4-40GB          On  |   00000000:96:00.0 Off |                    0 |
| N/A   33C    P0             52W /  400W |       1MiB /  40960MiB |      0%      Default |
|                                         |                        |             Disabled |
+-----------------------------------------+------------------------+----------------------+
|   3  NVIDIA A100-SXM4-40GB          On  |   00000000:D1:00.0 Off |                    0 |
| N/A   40C    P0             54W /  400W |       1MiB /  40960MiB |      0%      Default |
|                                         |                        |             Disabled |
+-----------------------------------------+------------------------+----------------------+
                                                                                         
+-----------------------------------------------------------------------------------------+
| Processes:                                                                              |
|  GPU   GI   CI        PID   Type   Process name                              GPU Memory |
|        ID   ID                                                               Usage      |
|=========================================================================================|
|  No running processes found                                                             |
+-----------------------------------------------------------------------------------------+
### Finished TaskPrologue

0,1,2,3
4
| distributed init (rank 0, world 4): env://
| distributed init (rank 3, world 4): env://
| distributed init (rank 1, world 4): env://
| distributed init (rank 2, world 4): env://
[1;34mwandb[0m: 🚀 View run [33mCharades_20[0m at: [34mhttps://wandb.ai/joeltschesche-tu-darmstadt/mr_BLIP/runs/opjaq39h[0m
[1;34mwandb[0m: Find logs at: [1;35mwandb/run-20241215_220440-opjaq39h/logs[0m
=== JOB_STATISTICS ===
=== current date     : Sun Dec 15 22:11:54 CET 2024
= Job-ID             : 2243389 on alex
= Job-Name           : mr_audio_charades
= Job-Command        : /home/atuin/g102ea/g102ea22/mr-Audio/train_charades_sta.sh
= Initial workdir    : /home/atuin/g102ea/g102ea22/mr-Audio
= Queue/Partition    : a100
= Slurm account      : g102ea with QOS=normal
= Features           : a100_40
= Requested resources:  for 1-00:00:00
= Elapsed runtime    : 00:13:12
= Total RAM usage    : 159.2 GiB of assigned  GiB (%)
= Node list          : a0604
= Subm/Elig/Start/End: 2024-12-15T21:58:40 / 2024-12-15T21:58:40 / 2024-12-15T21:58:41 / 2024-12-15T22:11:53
======================
=== Quota infos ======
    Path              Used     SoftQ    HardQ    Gracetime  Filec    FileQ    FiHaQ    FileGrace    
    /home/hpc           43.7G   104.9G   209.7G        N/A      95K     500K   1,000K        N/A    
    /home/vault          0.0K  1048.6G  2097.2G        N/A       1      200K     400K        N/A    
======================
=== GPU utilization ==
gpu_name, gpu_bus_id, pid, gpu_utilization [%], mem_utilization [%], max_memory_usage [MiB], time [ms]
NVIDIA A100-SXM4-40GB, 00000000:0E:00.0, 2484275, 0 %, 0 %, 16956 MiB, 495031 ms
NVIDIA A100-SXM4-40GB, 00000000:13:00.0, 2484276, 2 %, 0 %, 17100 MiB, 494673 ms
NVIDIA A100-SXM4-40GB, 00000000:96:00.0, 2484277, 2 %, 0 %, 17100 MiB, 494223 ms
NVIDIA A100-SXM4-40GB, 00000000:D1:00.0, 2484278, 2 %, 0 %, 16956 MiB, 494406 ms
