### Starting TaskPrologue of job 2243467 on a0603 at Sun Dec 15 23:09:03 CET 2024
Running on cores 15-31,64-88,105-126 with governor ondemand
Sun Dec 15 23:09:03 2024       
+-----------------------------------------------------------------------------------------+
| NVIDIA-SMI 560.35.03              Driver Version: 560.35.03      CUDA Version: 12.6     |
|-----------------------------------------+------------------------+----------------------+
| GPU  Name                 Persistence-M | Bus-Id          Disp.A | Volatile Uncorr. ECC |
| Fan  Temp   Perf          Pwr:Usage/Cap |           Memory-Usage | GPU-Util  Compute M. |
|                                         |                        |               MIG M. |
|=========================================+========================+======================|
|   0  NVIDIA A100-SXM4-40GB          On  |   00000000:13:00.0 Off |                    0 |
| N/A   34C    P0             57W /  400W |       1MiB /  40960MiB |      0%      Default |
|                                         |                        |             Disabled |
+-----------------------------------------+------------------------+----------------------+
|   1  NVIDIA A100-SXM4-40GB          On  |   00000000:90:00.0 Off |                    0 |
| N/A   35C    P0             52W /  400W |       1MiB /  40960MiB |      0%      Default |
|                                         |                        |             Disabled |
+-----------------------------------------+------------------------+----------------------+
|   2  NVIDIA A100-SXM4-40GB          On  |   00000000:96:00.0 Off |                    0 |
| N/A   33C    P0             54W /  400W |       1MiB /  40960MiB |      0%      Default |
|                                         |                        |             Disabled |
+-----------------------------------------+------------------------+----------------------+
|   3  NVIDIA A100-SXM4-40GB          On  |   00000000:CC:00.0 Off |                    0 |
| N/A   33C    P0             52W /  400W |       1MiB /  40960MiB |      0%      Default |
|                                         |                        |             Disabled |
+-----------------------------------------+------------------------+----------------------+
                                                                                         
+-----------------------------------------------------------------------------------------+
| Processes:                                                                              |
|  GPU   GI   CI        PID   Type   Process name                              GPU Memory |
|        ID   ID                                                               Usage      |
|=========================================================================================|
|  No running processes found                                                             |
+-----------------------------------------------------------------------------------------+
### Finished TaskPrologue

0,1,2,3
4
| distributed init (rank 0, world 4): env://
| distributed init (rank 2, world 4): env://
| distributed init (rank 3, world 4): env://
| distributed init (rank 1, world 4): env://
[1;34mwandb[0m: 🚀 View run [33mCharades_20[0m at: [34mhttps://wandb.ai/joeltschesche-tu-darmstadt/mr_BLIP/runs/iudpw5ow[0m
[1;34mwandb[0m: Find logs at: [1;35mwandb/run-20241215_230926-iudpw5ow/logs[0m
=== JOB_STATISTICS ===
=== current date     : Sun Dec 15 23:09:33 CET 2024
= Job-ID             : 2243467 on alex
= Job-Name           : mr_audio_charades
= Job-Command        : /home/atuin/g102ea/g102ea22/mr-Audio/train_charades_sta.sh
= Initial workdir    : /home/atuin/g102ea/g102ea22/mr-Audio
= Queue/Partition    : a100
= Slurm account      : g102ea with QOS=normal
= Features           : a100_40
= Requested resources:  for 1-00:00:00
= Elapsed runtime    : 00:00:31
= Total RAM usage    : 0.0 GiB of assigned  GiB (%)
= Node list          : a0603
= Subm/Elig/Start/End: 2024-12-15T23:09:01 / 2024-12-15T23:09:01 / 2024-12-15T23:09:01 / 2024-12-15T23:09:32
======================
=== Quota infos ======
    Path              Used     SoftQ    HardQ    Gracetime  Filec    FileQ    FiHaQ    FileGrace    
    /home/hpc           44.6G   104.9G   209.7G        N/A     102K     500K   1,000K        N/A    
    /home/vault          0.0K  1048.6G  2097.2G        N/A       1      200K     400K        N/A    
======================
=== GPU utilization ==
gpu_name, gpu_bus_id, pid, gpu_utilization [%], mem_utilization [%], max_memory_usage [MiB], time [ms]
NVIDIA A100-SXM4-40GB, 00000000:13:00.0, 834096, 1 %, 0 %, 2136 MiB, 17755 ms
NVIDIA A100-SXM4-40GB, 00000000:90:00.0, 834097, 8 %, 0 %, 2280 MiB, 17269 ms
NVIDIA A100-SXM4-40GB, 00000000:96:00.0, 834098, 8 %, 0 %, 2280 MiB, 17172 ms
NVIDIA A100-SXM4-40GB, 00000000:CC:00.0, 834099, 9 %, 0 %, 2136 MiB, 17341 ms
