WARNING:__main__:
*****************************************
Setting OMP_NUM_THREADS environment variable for each process to be 1 in default, to avoid your system being overloaded, please further tune the variable for optimal performance in your application as needed. 
*****************************************
/home/atuin/g102ea/g102ea22/venvs/mrBlipAudio/lib/python3.9/site-packages/fairscale/experimental/nn/offload.py:19: FutureWarning: `torch.cuda.amp.custom_fwd(args...)` is deprecated. Please use `torch.amp.custom_fwd(args..., device_type='cuda')` instead.
  return torch.cuda.amp.custom_fwd(orig_func)  # type: ignore
/home/atuin/g102ea/g102ea22/venvs/mrBlipAudio/lib/python3.9/site-packages/fairscale/experimental/nn/offload.py:30: FutureWarning: `torch.cuda.amp.custom_bwd(args...)` is deprecated. Please use `torch.amp.custom_bwd(args..., device_type='cuda')` instead.
  return torch.cuda.amp.custom_bwd(orig_func)  # type: ignore
/home/atuin/g102ea/g102ea22/venvs/mrBlipAudio/lib/python3.9/site-packages/fairscale/experimental/nn/offload.py:19: FutureWarning: `torch.cuda.amp.custom_fwd(args...)` is deprecated. Please use `torch.amp.custom_fwd(args..., device_type='cuda')` instead.
  return torch.cuda.amp.custom_fwd(orig_func)  # type: ignore
/home/atuin/g102ea/g102ea22/venvs/mrBlipAudio/lib/python3.9/site-packages/fairscale/experimental/nn/offload.py:19: FutureWarning: `torch.cuda.amp.custom_fwd(args...)` is deprecated. Please use `torch.amp.custom_fwd(args..., device_type='cuda')` instead.
  return torch.cuda.amp.custom_fwd(orig_func)  # type: ignore
/home/atuin/g102ea/g102ea22/venvs/mrBlipAudio/lib/python3.9/site-packages/fairscale/experimental/nn/offload.py:30: FutureWarning: `torch.cuda.amp.custom_bwd(args...)` is deprecated. Please use `torch.amp.custom_bwd(args..., device_type='cuda')` instead.
  return torch.cuda.amp.custom_bwd(orig_func)  # type: ignore
/home/atuin/g102ea/g102ea22/venvs/mrBlipAudio/lib/python3.9/site-packages/fairscale/experimental/nn/offload.py:30: FutureWarning: `torch.cuda.amp.custom_bwd(args...)` is deprecated. Please use `torch.amp.custom_bwd(args..., device_type='cuda')` instead.
  return torch.cuda.amp.custom_bwd(orig_func)  # type: ignore
/home/atuin/g102ea/g102ea22/venvs/mrBlipAudio/lib/python3.9/site-packages/fairscale/experimental/nn/offload.py:19: FutureWarning: `torch.cuda.amp.custom_fwd(args...)` is deprecated. Please use `torch.amp.custom_fwd(args..., device_type='cuda')` instead.
  return torch.cuda.amp.custom_fwd(orig_func)  # type: ignore
/home/atuin/g102ea/g102ea22/venvs/mrBlipAudio/lib/python3.9/site-packages/fairscale/experimental/nn/offload.py:30: FutureWarning: `torch.cuda.amp.custom_bwd(args...)` is deprecated. Please use `torch.amp.custom_bwd(args..., device_type='cuda')` instead.
  return torch.cuda.amp.custom_bwd(orig_func)  # type: ignore
[rank2]:[W1216 03:04:48.527219254 ProcessGroupNCCL.cpp:4115] [PG ID 0 PG GUID 0 Rank 2]  using GPU 2 to perform barrier as devices used by this process are currently unknown. This can potentially cause a hang if this rank to GPU mapping is incorrect.Specify device_ids in barrier() to force use of a particular device,or call init_process_group() with a device_id.
[rank1]:[W1216 03:04:48.527750923 ProcessGroupNCCL.cpp:4115] [PG ID 0 PG GUID 0 Rank 1]  using GPU 1 to perform barrier as devices used by this process are currently unknown. This can potentially cause a hang if this rank to GPU mapping is incorrect.Specify device_ids in barrier() to force use of a particular device,or call init_process_group() with a device_id.
[rank3]:[W1216 03:04:48.528507616 ProcessGroupNCCL.cpp:4115] [PG ID 0 PG GUID 0 Rank 3]  using GPU 3 to perform barrier as devices used by this process are currently unknown. This can potentially cause a hang if this rank to GPU mapping is incorrect.Specify device_ids in barrier() to force use of a particular device,or call init_process_group() with a device_id.
[rank0]:[W1216 03:04:48.528591923 ProcessGroupNCCL.cpp:4115] [PG ID 0 PG GUID 0 Rank 0]  using GPU 0 to perform barrier as devices used by this process are currently unknown. This can potentially cause a hang if this rank to GPU mapping is incorrect.Specify device_ids in barrier() to force use of a particular device,or call init_process_group() with a device_id.
wandb: Using wandb-core as the SDK backend.  Please refer to https://wandb.me/wandb-core for more information.
wandb: Currently logged in as: joeltschesche (joeltschesche-tu-darmstadt). Use `wandb login --relogin` to force relogin
wandb: Tracking run with wandb version 0.19.1
wandb: Run data is saved locally in /home/atuin/g102ea/g102ea22/mr-Audio/wandb/run-20241216_030454-ft0y44dt
wandb: Run `wandb offline` to turn off syncing.
wandb: Syncing run Charades_20
wandb: ⭐️ View project at https://wandb.ai/joeltschesche-tu-darmstadt/mr_BLIP
wandb: 🚀 View run at https://wandb.ai/joeltschesche-tu-darmstadt/mr_BLIP/runs/ft0y44dt
2024-12-16 03:04:57,936 [INFO] 
=====  Running Parameters    =====
2024-12-16 03:04:57,937 [INFO] {
    "accum_grad_iters": 1,
    "amp": true,
    "batch_size_eval": 2,
    "batch_size_train": 2,
    "device": "cuda",
    "dist_backend": "nccl",
    "dist_url": "env://",
    "distributed": true,
    "evaluate": false,
    "find_unused_parameters": true,
    "gpu": 0,
    "init_lr": 0.0003,
    "lr_sched": "linear_warmup_cosine_lr",
    "max_epoch": 50,
    "max_len": 200,
    "min_len": 8,
    "min_lr": 0,
    "num_beams": 5,
    "num_workers": 8,
    "output_dir": "result/mr_BLIP/Charades/Charades_20-20",
    "rank": 0,
    "resume_ckpt_path": null,
    "seed": 42,
    "task": "moment_retrieval",
    "test_splits": [
        "test"
    ],
    "train_splits": [
        "train"
    ],
    "valid_splits": [
        "val"
    ],
    "wandb": true,
    "wandb_name": "Charades_20",
    "wandb_project": "mr_BLIP",
    "warmup_lr": 1e-08,
    "warmup_steps": 1745,
    "weight_decay": 0.05,
    "world_size": 4
}
2024-12-16 03:04:57,937 [INFO] 
======  Dataset Attributes  ======
2024-12-16 03:04:57,937 [INFO] 
======== charades_sta =======
2024-12-16 03:04:57,938 [INFO] {
    "build_info": {
        "annotations": {
            "test": {
                "storage": "/home/atuin/g102ea/shared/charades_sta_annotations/test.json",
                "url": "/home/atuin/g102ea/shared/charades_sta_annotations/test.json"
            },
            "train": {
                "storage": "/home/atuin/g102ea/shared/charades_sta_annotations/train.json",
                "url": "/home/atuin/g102ea/shared/charades_sta_annotations/train.json"
            },
            "val": {
                "storage": "/home/atuin/g102ea/shared/charades_sta_annotations/test.json",
                "url": "/home/atuin/g102ea/shared/charades_sta_annotations/test.json"
            }
        },
        "videos": {
            "storage": "/home/atuin/g102ea/shared/videos/Charades_v1"
        }
    },
    "data_type": "videos",
    "text_processor": {
        "eval": {
            "max_words": 50,
            "name": "blip_question"
        },
        "train": {
            "max_words": 50,
            "name": "blip_question"
        }
    },
    "vis_processor": {
        "eval": {
            "image_size": 224,
            "n_frms": 20,
            "name": "blip_video_eval"
        },
        "train": {
            "image_size": 224,
            "n_frms": 20,
            "name": "blip2_video_train"
        }
    }
}
2024-12-16 03:04:57,938 [INFO] 
======  Model Attributes  ======
2024-12-16 03:04:57,938 [INFO] {
    "arch": "blip2_mr",
    "drop_path_rate": 0,
    "finetuned": "",
    "frame_token_aggregation": false,
    "freeze_vit": true,
    "image_size": 224,
    "input_time_format": "seconds_integers",
    "interleave_data": true,
    "load_finetuned": false,
    "model_type": "pretrain_flant5xl",
    "num_query_token": 32,
    "pretrained": "https://storage.googleapis.com/sfr-vision-language-research/LAVIS/models/BLIP2/blip2_pretrained_flant5xl.pth",
    "prompt": "",
    "t5_model": "google/flan-t5-xl",
    "task": "qformer_freeze_lora",
    "use_grad_checkpoint": false,
    "vit_precision": "fp16"
}
2024-12-16 03:04:57,940 [INFO] Using existing file /home/atuin/g102ea/shared/charades_sta_annotations/train.json.
2024-12-16 03:04:57,941 [INFO] Using existing file /home/atuin/g102ea/shared/charades_sta_annotations/test.json.
2024-12-16 03:04:57,941 [INFO] Using existing file /home/atuin/g102ea/shared/charades_sta_annotations/test.json.
2024-12-16 03:04:57,941 [INFO] Building datasets...
2024-12-16 03:05:27,342 [WARNING] /home/atuin/g102ea/g102ea22/mr-Audio/lavis/models/eva_vit.py:433: FutureWarning: You are using `torch.load` with `weights_only=False` (the current default value), which uses the default pickle module implicitly. It is possible to construct malicious pickle data which will execute arbitrary code during unpickling (See https://github.com/pytorch/pytorch/blob/main/SECURITY.md#untrusted-models for more details). In a future release, the default value for `weights_only` will be flipped to `True`. This limits the functions that could be executed during unpickling. Arbitrary objects will no longer be allowed to be loaded via this mode unless they are explicitly allowlisted by the user via `torch.serialization.add_safe_globals`. We recommend you start setting `weights_only=True` for any use case where you don't have full control of the loaded file. Please open an issue on GitHub for any issues related to this experimental feature.
  state_dict = torch.load(cached_file, map_location="cpu")

2024-12-16 03:05:27,342 [WARNING] /home/atuin/g102ea/g102ea22/mr-Audio/lavis/models/eva_vit.py:433: FutureWarning: You are using `torch.load` with `weights_only=False` (the current default value), which uses the default pickle module implicitly. It is possible to construct malicious pickle data which will execute arbitrary code during unpickling (See https://github.com/pytorch/pytorch/blob/main/SECURITY.md#untrusted-models for more details). In a future release, the default value for `weights_only` will be flipped to `True`. This limits the functions that could be executed during unpickling. Arbitrary objects will no longer be allowed to be loaded via this mode unless they are explicitly allowlisted by the user via `torch.serialization.add_safe_globals`. We recommend you start setting `weights_only=True` for any use case where you don't have full control of the loaded file. Please open an issue on GitHub for any issues related to this experimental feature.
  state_dict = torch.load(cached_file, map_location="cpu")

2024-12-16 03:05:27,342 [WARNING] /home/atuin/g102ea/g102ea22/mr-Audio/lavis/models/eva_vit.py:433: FutureWarning: You are using `torch.load` with `weights_only=False` (the current default value), which uses the default pickle module implicitly. It is possible to construct malicious pickle data which will execute arbitrary code during unpickling (See https://github.com/pytorch/pytorch/blob/main/SECURITY.md#untrusted-models for more details). In a future release, the default value for `weights_only` will be flipped to `True`. This limits the functions that could be executed during unpickling. Arbitrary objects will no longer be allowed to be loaded via this mode unless they are explicitly allowlisted by the user via `torch.serialization.add_safe_globals`. We recommend you start setting `weights_only=True` for any use case where you don't have full control of the loaded file. Please open an issue on GitHub for any issues related to this experimental feature.
  state_dict = torch.load(cached_file, map_location="cpu")

2024-12-16 03:05:27,342 [WARNING] /home/atuin/g102ea/g102ea22/mr-Audio/lavis/models/eva_vit.py:433: FutureWarning: You are using `torch.load` with `weights_only=False` (the current default value), which uses the default pickle module implicitly. It is possible to construct malicious pickle data which will execute arbitrary code during unpickling (See https://github.com/pytorch/pytorch/blob/main/SECURITY.md#untrusted-models for more details). In a future release, the default value for `weights_only` will be flipped to `True`. This limits the functions that could be executed during unpickling. Arbitrary objects will no longer be allowed to be loaded via this mode unless they are explicitly allowlisted by the user via `torch.serialization.add_safe_globals`. We recommend you start setting `weights_only=True` for any use case where you don't have full control of the loaded file. Please open an issue on GitHub for any issues related to this experimental feature.
  state_dict = torch.load(cached_file, map_location="cpu")

2024-12-16 03:05:38,486 [INFO] freeze vision encoder
Loading checkpoint shards:   0%|          | 0/2 [00:00<?, ?it/s]Loading checkpoint shards:   0%|          | 0/2 [00:00<?, ?it/s]Loading checkpoint shards:   0%|          | 0/2 [00:00<?, ?it/s]Loading checkpoint shards:   0%|          | 0/2 [00:00<?, ?it/s]Loading checkpoint shards:  50%|█████     | 1/2 [00:14<00:14, 14.02s/it]Loading checkpoint shards:  50%|█████     | 1/2 [00:13<00:13, 13.76s/it]Loading checkpoint shards:  50%|█████     | 1/2 [00:13<00:13, 13.84s/it]Loading checkpoint shards:  50%|█████     | 1/2 [00:13<00:13, 13.94s/it]Loading checkpoint shards: 100%|██████████| 2/2 [00:17<00:00,  7.87s/it]Loading checkpoint shards: 100%|██████████| 2/2 [00:17<00:00,  8.77s/it]
Loading checkpoint shards: 100%|██████████| 2/2 [00:17<00:00,  7.85s/it]Loading checkpoint shards: 100%|██████████| 2/2 [00:17<00:00,  8.74s/it]
Loading checkpoint shards: 100%|██████████| 2/2 [00:17<00:00,  8.07s/it]Loading checkpoint shards: 100%|██████████| 2/2 [00:17<00:00,  8.97s/it]
Loading checkpoint shards: 100%|██████████| 2/2 [00:17<00:00,  8.06s/it]Loading checkpoint shards: 100%|██████████| 2/2 [00:17<00:00,  8.94s/it]
2024-12-16 03:08:15,876 [INFO] Annoying numbers and their replacement: {112: 113, 128: 129, 135: 136, 161: 160, 162: 164, 163: 164, 170: 169, 171: 172, 173: 174, 175: 176, 181: 180, 182: 183, 191: 192, 193: 192, 194: 195}
2024-12-16 03:08:19,564 [WARNING] /home/atuin/g102ea/g102ea22/mr-Audio/lavis/models/blip2_models/blip2.py:80: FutureWarning: You are using `torch.load` with `weights_only=False` (the current default value), which uses the default pickle module implicitly. It is possible to construct malicious pickle data which will execute arbitrary code during unpickling (See https://github.com/pytorch/pytorch/blob/main/SECURITY.md#untrusted-models for more details). In a future release, the default value for `weights_only` will be flipped to `True`. This limits the functions that could be executed during unpickling. Arbitrary objects will no longer be allowed to be loaded via this mode unless they are explicitly allowlisted by the user via `torch.serialization.add_safe_globals`. We recommend you start setting `weights_only=True` for any use case where you don't have full control of the loaded file. Please open an issue on GitHub for any issues related to this experimental feature.
  checkpoint = torch.load(cached_file, map_location="cpu")

2024-12-16 03:08:19,563 [WARNING] /home/atuin/g102ea/g102ea22/mr-Audio/lavis/models/blip2_models/blip2.py:80: FutureWarning: You are using `torch.load` with `weights_only=False` (the current default value), which uses the default pickle module implicitly. It is possible to construct malicious pickle data which will execute arbitrary code during unpickling (See https://github.com/pytorch/pytorch/blob/main/SECURITY.md#untrusted-models for more details). In a future release, the default value for `weights_only` will be flipped to `True`. This limits the functions that could be executed during unpickling. Arbitrary objects will no longer be allowed to be loaded via this mode unless they are explicitly allowlisted by the user via `torch.serialization.add_safe_globals`. We recommend you start setting `weights_only=True` for any use case where you don't have full control of the loaded file. Please open an issue on GitHub for any issues related to this experimental feature.
  checkpoint = torch.load(cached_file, map_location="cpu")

2024-12-16 03:08:19,564 [WARNING] /home/atuin/g102ea/g102ea22/mr-Audio/lavis/models/blip2_models/blip2.py:80: FutureWarning: You are using `torch.load` with `weights_only=False` (the current default value), which uses the default pickle module implicitly. It is possible to construct malicious pickle data which will execute arbitrary code during unpickling (See https://github.com/pytorch/pytorch/blob/main/SECURITY.md#untrusted-models for more details). In a future release, the default value for `weights_only` will be flipped to `True`. This limits the functions that could be executed during unpickling. Arbitrary objects will no longer be allowed to be loaded via this mode unless they are explicitly allowlisted by the user via `torch.serialization.add_safe_globals`. We recommend you start setting `weights_only=True` for any use case where you don't have full control of the loaded file. Please open an issue on GitHub for any issues related to this experimental feature.
  checkpoint = torch.load(cached_file, map_location="cpu")

2024-12-16 03:08:19,564 [WARNING] /home/atuin/g102ea/g102ea22/mr-Audio/lavis/models/blip2_models/blip2.py:80: FutureWarning: You are using `torch.load` with `weights_only=False` (the current default value), which uses the default pickle module implicitly. It is possible to construct malicious pickle data which will execute arbitrary code during unpickling (See https://github.com/pytorch/pytorch/blob/main/SECURITY.md#untrusted-models for more details). In a future release, the default value for `weights_only` will be flipped to `True`. This limits the functions that could be executed during unpickling. Arbitrary objects will no longer be allowed to be loaded via this mode unless they are explicitly allowlisted by the user via `torch.serialization.add_safe_globals`. We recommend you start setting `weights_only=True` for any use case where you don't have full control of the loaded file. Please open an issue on GitHub for any issues related to this experimental feature.
  checkpoint = torch.load(cached_file, map_location="cpu")

2024-12-16 03:08:21,349 [INFO] load checkpoint from https://storage.googleapis.com/sfr-vision-language-research/LAVIS/models/BLIP2/blip2_pretrained_flant5xl.pth
2024-12-16 03:08:21,352 [INFO] load pretrained weights from https://storage.googleapis.com/sfr-vision-language-research/LAVIS/models/BLIP2/blip2_pretrained_flant5xl.pth
2024-12-16 03:08:22,234 [INFO] Start training
2024-12-16 03:08:23,037 [INFO] dataset_ratios not specified, datasets will be concatenated (map-style datasets) or chained (webdataset.DataPipeline).
2024-12-16 03:08:23,039 [INFO] Loaded 12408 records for train split from the dataset.
2024-12-16 03:08:23,039 [INFO] Loaded 3720 records for val split from the dataset.
2024-12-16 03:08:23,039 [INFO] Loaded 3720 records for test split from the dataset.
2024-12-16 03:08:23,075 [INFO] number of trainable parameters: 22825984
2024-12-16 03:08:23,094 [WARNING] /home/atuin/g102ea/g102ea22/mr-Audio/lavis/runners/runner_base.py:147: FutureWarning: `torch.cuda.amp.GradScaler(args...)` is deprecated. Please use `torch.amp.GradScaler('cuda', args...)` instead.
  self._scaler = torch.cuda.amp.GradScaler()

2024-12-16 03:08:23,094 [WARNING] /home/atuin/g102ea/g102ea22/mr-Audio/lavis/runners/runner_base.py:147: FutureWarning: `torch.cuda.amp.GradScaler(args...)` is deprecated. Please use `torch.amp.GradScaler('cuda', args...)` instead.
  self._scaler = torch.cuda.amp.GradScaler()

2024-12-16 03:08:23,095 [WARNING] /home/atuin/g102ea/g102ea22/mr-Audio/lavis/runners/runner_base.py:147: FutureWarning: `torch.cuda.amp.GradScaler(args...)` is deprecated. Please use `torch.amp.GradScaler('cuda', args...)` instead.
  self._scaler = torch.cuda.amp.GradScaler()

2024-12-16 03:08:23,095 [WARNING] /home/atuin/g102ea/g102ea22/mr-Audio/lavis/runners/runner_base.py:147: FutureWarning: `torch.cuda.amp.GradScaler(args...)` is deprecated. Please use `torch.amp.GradScaler('cuda', args...)` instead.
  self._scaler = torch.cuda.amp.GradScaler()

2024-12-16 03:08:23,096 [INFO] Start training epoch 0, 1551 iters per inner epoch.
2024-12-16 03:08:27,916 [WARNING] /home/atuin/g102ea/g102ea22/mr-Audio/lavis/tasks/moment_retrieval.py:241: FutureWarning: `torch.cuda.amp.autocast(args...)` is deprecated. Please use `torch.amp.autocast('cuda', args...)` instead.
  with torch.cuda.amp.autocast(enabled=use_amp):

2024-12-16 03:08:30,353 [WARNING] /home/atuin/g102ea/g102ea22/mr-Audio/lavis/tasks/moment_retrieval.py:241: FutureWarning: `torch.cuda.amp.autocast(args...)` is deprecated. Please use `torch.amp.autocast('cuda', args...)` instead.
  with torch.cuda.amp.autocast(enabled=use_amp):

2024-12-16 03:08:34,404 [WARNING] /home/atuin/g102ea/g102ea22/mr-Audio/lavis/tasks/moment_retrieval.py:241: FutureWarning: `torch.cuda.amp.autocast(args...)` is deprecated. Please use `torch.amp.autocast('cuda', args...)` instead.
  with torch.cuda.amp.autocast(enabled=use_amp):

2024-12-16 03:08:37,916 [WARNING] /home/atuin/g102ea/g102ea22/mr-Audio/lavis/tasks/moment_retrieval.py:241: FutureWarning: `torch.cuda.amp.autocast(args...)` is deprecated. Please use `torch.amp.autocast('cuda', args...)` instead.
  with torch.cuda.amp.autocast(enabled=use_amp):

2024-12-16 03:08:39,556 [WARNING] /home/atuin/g102ea/g102ea22/mr-Audio/lavis/models/blip2_mr_models/blip2_mr.py:1165: FutureWarning: `torch.cuda.amp.autocast(args...)` is deprecated. Please use `torch.amp.autocast('cuda', args...)` instead.
  with torch.cuda.amp.autocast(enabled=(self.eigendevice != torch.device("cpu"))): #switch to self.device for original

2024-12-16 03:08:39,568 [WARNING] /home/atuin/g102ea/g102ea22/mr-Audio/lavis/models/blip2_mr_models/blip2_mr.py:1165: FutureWarning: `torch.cuda.amp.autocast(args...)` is deprecated. Please use `torch.amp.autocast('cuda', args...)` instead.
  with torch.cuda.amp.autocast(enabled=(self.eigendevice != torch.device("cpu"))): #switch to self.device for original

2024-12-16 03:08:39,568 [WARNING] /home/atuin/g102ea/g102ea22/mr-Audio/lavis/models/blip2_mr_models/blip2_mr.py:1165: FutureWarning: `torch.cuda.amp.autocast(args...)` is deprecated. Please use `torch.amp.autocast('cuda', args...)` instead.
  with torch.cuda.amp.autocast(enabled=(self.eigendevice != torch.device("cpu"))): #switch to self.device for original

2024-12-16 03:08:39,571 [WARNING] /home/atuin/g102ea/g102ea22/mr-Audio/lavis/models/blip2_mr_models/blip2_mr.py:1165: FutureWarning: `torch.cuda.amp.autocast(args...)` is deprecated. Please use `torch.amp.autocast('cuda', args...)` instead.
  with torch.cuda.amp.autocast(enabled=(self.eigendevice != torch.device("cpu"))): #switch to self.device for original

2024-12-16 03:08:40,754 [WARNING] /home/atuin/g102ea/g102ea22/mr-Audio/lavis/models/blip2_mr_models/blip2_mr.py:365: FutureWarning: `torch.cuda.amp.autocast(args...)` is deprecated. Please use `torch.amp.autocast('cuda', args...)` instead.
  with (torch.cuda.amp.autocast(dtype=torch.float32)):

2024-12-16 03:08:40,755 [WARNING] /home/atuin/g102ea/g102ea22/mr-Audio/lavis/models/blip2_mr_models/blip2_mr.py:365: FutureWarning: `torch.cuda.amp.autocast(args...)` is deprecated. Please use `torch.amp.autocast('cuda', args...)` instead.
  with (torch.cuda.amp.autocast(dtype=torch.float32)):

2024-12-16 03:08:40,757 [WARNING] /home/atuin/g102ea/g102ea22/mr-Audio/lavis/models/blip2_mr_models/blip2_mr.py:365: FutureWarning: `torch.cuda.amp.autocast(args...)` is deprecated. Please use `torch.amp.autocast('cuda', args...)` instead.
  with (torch.cuda.amp.autocast(dtype=torch.float32)):

2024-12-16 03:08:40,757 [WARNING] /home/atuin/g102ea/g102ea22/mr-Audio/lavis/models/blip2_mr_models/blip2_mr.py:365: FutureWarning: `torch.cuda.amp.autocast(args...)` is deprecated. Please use `torch.amp.autocast('cuda', args...)` instead.
  with (torch.cuda.amp.autocast(dtype=torch.float32)):

slurmstepd: error: *** JOB 2244058 ON a0902 CANCELLED AT 2024-12-16T03:10:37 ***
