### Starting TaskPrologue of job 2244040 on a0603 at Mon Dec 16 02:56:40 CET 2024
Running on cores 64-127 with governor ondemand
Mon Dec 16 02:56:40 2024       
+-----------------------------------------------------------------------------------------+
| NVIDIA-SMI 560.35.03              Driver Version: 560.35.03      CUDA Version: 12.6     |
|-----------------------------------------+------------------------+----------------------+
| GPU  Name                 Persistence-M | Bus-Id          Disp.A | Volatile Uncorr. ECC |
| Fan  Temp   Perf          Pwr:Usage/Cap |           Memory-Usage | GPU-Util  Compute M. |
|                                         |                        |               MIG M. |
|=========================================+========================+======================|
|   0  NVIDIA A100-SXM4-40GB          On  |   00000000:90:00.0 Off |                    0 |
| N/A   35C    P0             52W /  400W |       1MiB /  40960MiB |      0%      Default |
|                                         |                        |             Disabled |
+-----------------------------------------+------------------------+----------------------+
|   1  NVIDIA A100-SXM4-40GB          On  |   00000000:96:00.0 Off |                    0 |
| N/A   33C    P0             54W /  400W |       1MiB /  40960MiB |      0%      Default |
|                                         |                        |             Disabled |
+-----------------------------------------+------------------------+----------------------+
|   2  NVIDIA A100-SXM4-40GB          On  |   00000000:CC:00.0 Off |                    0 |
| N/A   33C    P0             52W /  400W |       1MiB /  40960MiB |      0%      Default |
|                                         |                        |             Disabled |
+-----------------------------------------+------------------------+----------------------+
|   3  NVIDIA A100-SXM4-40GB          On  |   00000000:D1:00.0 Off |                    0 |
| N/A   33C    P0             54W /  400W |       1MiB /  40960MiB |      0%      Default |
|                                         |                        |             Disabled |
+-----------------------------------------+------------------------+----------------------+
                                                                                         
+-----------------------------------------------------------------------------------------+
| Processes:                                                                              |
|  GPU   GI   CI        PID   Type   Process name                              GPU Memory |
|        ID   ID                                                               Usage      |
|=========================================================================================|
|  No running processes found                                                             |
+-----------------------------------------------------------------------------------------+
### Finished TaskPrologue

0,1,2,3
4
| distributed init (rank 0, world 4): env://
| distributed init (rank 3, world 4): env://
| distributed init (rank 2, world 4): env://
| distributed init (rank 1, world 4): env://
audio_clip shape: torch.Size([4, 20, 48000])
audio shape: torch.Size([4, 20, 48000])
audio embdinngs shape: torch.Size([4, 20, 512])
emb shaoe: torch.Size([4, 20, 512])
frame_down_proj: torch.Size([80, 32, 512])
emb shaoe: torch.Size([80, 32, 512])
combined_video_audio_frame: torch.Size([80, 32, 1024])
fused_data: torch.Size([80, 32, 768])
frames_for_t5 after reshaping: torch.Size([4, 640, 2048])
Starting Prompt Concat
video_prompt_embs Shape: torch.Size([4, 662, 2048])
text_prompt_embs Shape: torch.Size([4, 34, 2048])
interleaved_video_prompt_embs Shape: torch.Size([4, 662, 2048])
After reshaping, video_prompt_embs Shape: torch.Size([4, 662, 2048])
After reshaping, text_prompt_embs Shape: torch.Size([4, 34, 2048])
After reshaping, interleaved_video_prompt_embs Shape: torch.Size([4, 662, 2048])
[1;34mwandb[0m: 🚀 View run [33mCharades_20[0m at: [34mhttps://wandb.ai/joeltschesche-tu-darmstadt/mr_BLIP/runs/9vesxcob[0m
[1;34mwandb[0m: Find logs at: [1;35mwandb/run-20241216_025715-9vesxcob/logs[0m
=== JOB_STATISTICS ===
=== current date     : Mon Dec 16 02:58:34 CET 2024
= Job-ID             : 2244040 on alex
= Job-Name           : mr_audio_charades
= Job-Command        : /home/atuin/g102ea/g102ea22/mr-Audio/train_charades_sta.sh
= Initial workdir    : /home/atuin/g102ea/g102ea22/mr-Audio
= Queue/Partition    : a100
= Slurm account      : g102ea with QOS=normal
= Features           : a100_40
= Requested resources:  for 1-00:00:00
= Elapsed runtime    : 00:01:55
= Total RAM usage    : 60.6 GiB of assigned  GiB (%)
= Node list          : a0603
= Subm/Elig/Start/End: 2024-12-16T02:56:37 / 2024-12-16T02:56:37 / 2024-12-16T02:56:38 / 2024-12-16T02:58:33
======================
=== Quota infos ======
    Path              Used     SoftQ    HardQ    Gracetime  Filec    FileQ    FiHaQ    FileGrace    
    /home/hpc           44.6G   104.9G   209.7G        N/A     102K     500K   1,000K        N/A    
    /home/vault          0.0K  1048.6G  2097.2G        N/A       1      200K     400K        N/A    
======================
=== GPU utilization ==
gpu_name, gpu_bus_id, pid, gpu_utilization [%], mem_utilization [%], max_memory_usage [MiB], time [ms]
NVIDIA A100-SXM4-40GB, 00000000:90:00.0, 1277800, 3 %, 0 %, 40430 MiB, 91267 ms
NVIDIA A100-SXM4-40GB, 00000000:96:00.0, 1277802, 4 %, 0 %, 40416 MiB, 89080 ms
NVIDIA A100-SXM4-40GB, 00000000:CC:00.0, 1277803, 4 %, 0 %, 40434 MiB, 90174 ms
NVIDIA A100-SXM4-40GB, 00000000:D1:00.0, 1277900, 4 %, 0 %, 40426 MiB, 89698 ms
