### Starting TaskPrologue of job 2244026 on a0603 at Mon Dec 16 02:27:53 CET 2024
Running on cores 64-127 with governor ondemand
Mon Dec 16 02:27:53 2024       
+-----------------------------------------------------------------------------------------+
| NVIDIA-SMI 560.35.03              Driver Version: 560.35.03      CUDA Version: 12.6     |
|-----------------------------------------+------------------------+----------------------+
| GPU  Name                 Persistence-M | Bus-Id          Disp.A | Volatile Uncorr. ECC |
| Fan  Temp   Perf          Pwr:Usage/Cap |           Memory-Usage | GPU-Util  Compute M. |
|                                         |                        |               MIG M. |
|=========================================+========================+======================|
|   0  NVIDIA A100-SXM4-40GB          On  |   00000000:90:00.0 Off |                    0 |
| N/A   34C    P0             51W /  400W |       1MiB /  40960MiB |      0%      Default |
|                                         |                        |             Disabled |
+-----------------------------------------+------------------------+----------------------+
|   1  NVIDIA A100-SXM4-40GB          On  |   00000000:96:00.0 Off |                    0 |
| N/A   33C    P0             54W /  400W |       1MiB /  40960MiB |      0%      Default |
|                                         |                        |             Disabled |
+-----------------------------------------+------------------------+----------------------+
|   2  NVIDIA A100-SXM4-40GB          On  |   00000000:CC:00.0 Off |                    0 |
| N/A   32C    P0             52W /  400W |       1MiB /  40960MiB |      0%      Default |
|                                         |                        |             Disabled |
+-----------------------------------------+------------------------+----------------------+
|   3  NVIDIA A100-SXM4-40GB          On  |   00000000:D1:00.0 Off |                    0 |
| N/A   33C    P0             54W /  400W |       1MiB /  40960MiB |      0%      Default |
|                                         |                        |             Disabled |
+-----------------------------------------+------------------------+----------------------+
                                                                                         
+-----------------------------------------------------------------------------------------+
| Processes:                                                                              |
|  GPU   GI   CI        PID   Type   Process name                              GPU Memory |
|        ID   ID                                                               Usage      |
|=========================================================================================|
|  No running processes found                                                             |
+-----------------------------------------------------------------------------------------+
### Finished TaskPrologue

0,1,2,3
4
| distributed init (rank 3, world 4): env://
| distributed init (rank 1, world 4): env://
| distributed init (rank 0, world 4): env://
| distributed init (rank 2, world 4): env://
audio_clip shape: torch.Size([4, 20, 48000])
emb shaoe: torch.Size([4, 20, 512])
frame_down_proj: torch.Size([80, 32, 512])
[1;34mwandb[0m: 🚀 View run [33mCharades_20[0m at: [34mhttps://wandb.ai/joeltschesche-tu-darmstadt/mr_BLIP/runs/kphgff4w[0m
[1;34mwandb[0m: Find logs at: [1;35mwandb/run-20241216_022826-kphgff4w/logs[0m
=== JOB_STATISTICS ===
=== current date     : Mon Dec 16 02:29:54 CET 2024
= Job-ID             : 2244026 on alex
= Job-Name           : mr_audio_charades
= Job-Command        : /home/atuin/g102ea/g102ea22/mr-Audio/train_charades_sta.sh
= Initial workdir    : /home/atuin/g102ea/g102ea22/mr-Audio
= Queue/Partition    : a100
= Slurm account      : g102ea with QOS=normal
= Features           : a100_40
= Requested resources:  for 1-00:00:00
= Elapsed runtime    : 00:02:02
= Total RAM usage    : 86.7 GiB of assigned  GiB (%)
= Node list          : a0603
= Subm/Elig/Start/End: 2024-12-16T02:27:50 / 2024-12-16T02:27:50 / 2024-12-16T02:27:51 / 2024-12-16T02:29:53
======================
=== Quota infos ======
    Path              Used     SoftQ    HardQ    Gracetime  Filec    FileQ    FiHaQ    FileGrace    
    /home/hpc           44.6G   104.9G   209.7G        N/A     102K     500K   1,000K        N/A    
    /home/vault          0.0K  1048.6G  2097.2G        N/A       1      200K     400K        N/A    
======================
=== GPU utilization ==
gpu_name, gpu_bus_id, pid, gpu_utilization [%], mem_utilization [%], max_memory_usage [MiB], time [ms]
NVIDIA A100-SXM4-40GB, 00000000:90:00.0, 1211988, 2 %, 0 %, 17960 MiB, 98359 ms
NVIDIA A100-SXM4-40GB, 00000000:96:00.0, 1211989, 4 %, 0 %, 18104 MiB, 97858 ms
NVIDIA A100-SXM4-40GB, 00000000:CC:00.0, 1211990, 4 %, 0 %, 18104 MiB, 98033 ms
NVIDIA A100-SXM4-40GB, 00000000:D1:00.0, 1211991, 4 %, 0 %, 17960 MiB, 97638 ms
