### Starting TaskPrologue of job 2243217 on a0603 at Sun Dec 15 20:05:23 CET 2024
Running on cores 0-31,74-105 with governor ondemand
Sun Dec 15 20:05:23 2024       
+-----------------------------------------------------------------------------------------+
| NVIDIA-SMI 560.35.03              Driver Version: 560.35.03      CUDA Version: 12.6     |
|-----------------------------------------+------------------------+----------------------+
| GPU  Name                 Persistence-M | Bus-Id          Disp.A | Volatile Uncorr. ECC |
| Fan  Temp   Perf          Pwr:Usage/Cap |           Memory-Usage | GPU-Util  Compute M. |
|                                         |                        |               MIG M. |
|=========================================+========================+======================|
|   0  NVIDIA A100-SXM4-40GB          On  |   00000000:0E:00.0 Off |                    0 |
| N/A   34C    P0             53W /  400W |       1MiB /  40960MiB |      0%      Default |
|                                         |                        |             Disabled |
+-----------------------------------------+------------------------+----------------------+
|   1  NVIDIA A100-SXM4-40GB          On  |   00000000:13:00.0 Off |                    0 |
| N/A   34C    P0             57W /  400W |       1MiB /  40960MiB |      0%      Default |
|                                         |                        |             Disabled |
+-----------------------------------------+------------------------+----------------------+
|   2  NVIDIA A100-SXM4-40GB          On  |   00000000:CC:00.0 Off |                    0 |
| N/A   33C    P0             52W /  400W |       1MiB /  40960MiB |      0%      Default |
|                                         |                        |             Disabled |
+-----------------------------------------+------------------------+----------------------+
|   3  NVIDIA A100-SXM4-40GB          On  |   00000000:D1:00.0 Off |                    0 |
| N/A   33C    P0             54W /  400W |       1MiB /  40960MiB |      0%      Default |
|                                         |                        |             Disabled |
+-----------------------------------------+------------------------+----------------------+
                                                                                         
+-----------------------------------------------------------------------------------------+
| Processes:                                                                              |
|  GPU   GI   CI        PID   Type   Process name                              GPU Memory |
|        ID   ID                                                               Usage      |
|=========================================================================================|
|  No running processes found                                                             |
+-----------------------------------------------------------------------------------------+
### Finished TaskPrologue

0,1,2,3
4
| distributed init (rank 0, world 4): env://
| distributed init (rank 2, world 4): env://
| distributed init (rank 3, world 4): env://
| distributed init (rank 1, world 4): env://
=== JOB_STATISTICS ===
=== current date     : Sun Dec 15 20:07:14 CET 2024
= Job-ID             : 2243217 on alex
= Job-Name           : mr_audio_charades
= Job-Command        : /home/atuin/g102ea/g102ea22/mr-Audio/train_charades_sta.sh
= Initial workdir    : /home/atuin/g102ea/g102ea22/mr-Audio
= Queue/Partition    : a100
= Slurm account      : g102ea with QOS=normal
= Features           : a100_40
= Requested resources:  for 1-00:00:00
= Elapsed runtime    : 00:01:57
= Total RAM usage    : 18.0 GiB of assigned  GiB (%)
= Node list          : a0603
= Subm/Elig/Start/End: 2024-12-15T20:05:12 / 2024-12-15T20:05:12 / 2024-12-15T20:05:17 / 2024-12-15T20:07:14
======================
=== Quota infos ======
    Path              Used     SoftQ    HardQ    Gracetime  Filec    FileQ    FiHaQ    FileGrace    
    /home/hpc           43.6G   104.9G   209.7G        N/A      95K     500K   1,000K        N/A    
    /home/vault          0.0K  1048.6G  2097.2G        N/A       1      200K     400K        N/A    
======================
=== GPU utilization ==
gpu_name, gpu_bus_id, pid, gpu_utilization [%], mem_utilization [%], max_memory_usage [MiB], time [ms]
NVIDIA A100-SXM4-40GB, 00000000:0E:00.0, 501952, 4 %, 0 %, 16842 MiB, 97587 ms
NVIDIA A100-SXM4-40GB, 00000000:13:00.0, 501953, 4 %, 0 %, 16986 MiB, 96734 ms
NVIDIA A100-SXM4-40GB, 00000000:CC:00.0, 501954, 6 %, 0 %, 16986 MiB, 96384 ms
NVIDIA A100-SXM4-40GB, 00000000:D1:00.0, 501955, 5 %, 0 %, 16842 MiB, 96049 ms
