WARNING:__main__:
*****************************************
Setting OMP_NUM_THREADS environment variable for each process to be 1 in default, to avoid your system being overloaded, please further tune the variable for optimal performance in your application as needed. 
*****************************************
/home/atuin/g102ea/g102ea22/venvs/mrBlipAudio/lib/python3.9/site-packages/fairscale/experimental/nn/offload.py:19: FutureWarning: `torch.cuda.amp.custom_fwd(args...)` is deprecated. Please use `torch.amp.custom_fwd(args..., device_type='cuda')` instead.
  return torch.cuda.amp.custom_fwd(orig_func)  # type: ignore
/home/atuin/g102ea/g102ea22/venvs/mrBlipAudio/lib/python3.9/site-packages/fairscale/experimental/nn/offload.py:19: FutureWarning: `torch.cuda.amp.custom_fwd(args...)` is deprecated. Please use `torch.amp.custom_fwd(args..., device_type='cuda')` instead.
  return torch.cuda.amp.custom_fwd(orig_func)  # type: ignore
/home/atuin/g102ea/g102ea22/venvs/mrBlipAudio/lib/python3.9/site-packages/fairscale/experimental/nn/offload.py:19: FutureWarning: `torch.cuda.amp.custom_fwd(args...)` is deprecated. Please use `torch.amp.custom_fwd(args..., device_type='cuda')` instead.
  return torch.cuda.amp.custom_fwd(orig_func)  # type: ignore
/home/atuin/g102ea/g102ea22/venvs/mrBlipAudio/lib/python3.9/site-packages/fairscale/experimental/nn/offload.py:30: FutureWarning: `torch.cuda.amp.custom_bwd(args...)` is deprecated. Please use `torch.amp.custom_bwd(args..., device_type='cuda')` instead.
  return torch.cuda.amp.custom_bwd(orig_func)  # type: ignore
/home/atuin/g102ea/g102ea22/venvs/mrBlipAudio/lib/python3.9/site-packages/fairscale/experimental/nn/offload.py:30: FutureWarning: `torch.cuda.amp.custom_bwd(args...)` is deprecated. Please use `torch.amp.custom_bwd(args..., device_type='cuda')` instead.
  return torch.cuda.amp.custom_bwd(orig_func)  # type: ignore
/home/atuin/g102ea/g102ea22/venvs/mrBlipAudio/lib/python3.9/site-packages/fairscale/experimental/nn/offload.py:19: FutureWarning: `torch.cuda.amp.custom_fwd(args...)` is deprecated. Please use `torch.amp.custom_fwd(args..., device_type='cuda')` instead.
  return torch.cuda.amp.custom_fwd(orig_func)  # type: ignore
/home/atuin/g102ea/g102ea22/venvs/mrBlipAudio/lib/python3.9/site-packages/fairscale/experimental/nn/offload.py:30: FutureWarning: `torch.cuda.amp.custom_bwd(args...)` is deprecated. Please use `torch.amp.custom_bwd(args..., device_type='cuda')` instead.
  return torch.cuda.amp.custom_bwd(orig_func)  # type: ignore
/home/atuin/g102ea/g102ea22/venvs/mrBlipAudio/lib/python3.9/site-packages/fairscale/experimental/nn/offload.py:30: FutureWarning: `torch.cuda.amp.custom_bwd(args...)` is deprecated. Please use `torch.amp.custom_bwd(args..., device_type='cuda')` instead.
  return torch.cuda.amp.custom_bwd(orig_func)  # type: ignore
[rank0]:[W1216 04:09:43.358301156 ProcessGroupNCCL.cpp:4115] [PG ID 0 PG GUID 0 Rank 0]  using GPU 0 to perform barrier as devices used by this process are currently unknown. This can potentially cause a hang if this rank to GPU mapping is incorrect.Specify device_ids in barrier() to force use of a particular device,or call init_process_group() with a device_id.
[rank1]:[W1216 04:09:43.361898299 ProcessGroupNCCL.cpp:4115] [PG ID 0 PG GUID 0 Rank 1]  using GPU 1 to perform barrier as devices used by this process are currently unknown. This can potentially cause a hang if this rank to GPU mapping is incorrect.Specify device_ids in barrier() to force use of a particular device,or call init_process_group() with a device_id.
[rank2]:[W1216 04:09:43.363892320 ProcessGroupNCCL.cpp:4115] [PG ID 0 PG GUID 0 Rank 2]  using GPU 2 to perform barrier as devices used by this process are currently unknown. This can potentially cause a hang if this rank to GPU mapping is incorrect.Specify device_ids in barrier() to force use of a particular device,or call init_process_group() with a device_id.
[rank3]:[W1216 04:09:43.364404370 ProcessGroupNCCL.cpp:4115] [PG ID 0 PG GUID 0 Rank 3]  using GPU 3 to perform barrier as devices used by this process are currently unknown. This can potentially cause a hang if this rank to GPU mapping is incorrect.Specify device_ids in barrier() to force use of a particular device,or call init_process_group() with a device_id.
wandb: Using wandb-core as the SDK backend.  Please refer to https://wandb.me/wandb-core for more information.
wandb: Currently logged in as: joeltschesche (joeltschesche-tu-darmstadt). Use `wandb login --relogin` to force relogin
wandb: Tracking run with wandb version 0.19.1
wandb: Run data is saved locally in /home/atuin/g102ea/g102ea22/mr-Audio/wandb/run-20241216_040947-e219sk0d
wandb: Run `wandb offline` to turn off syncing.
wandb: Syncing run Charades_20
wandb: ⭐️ View project at https://wandb.ai/joeltschesche-tu-darmstadt/mr_BLIP
wandb: 🚀 View run at https://wandb.ai/joeltschesche-tu-darmstadt/mr_BLIP/runs/e219sk0d
2024-12-16 04:09:50,605 [INFO] 
=====  Running Parameters    =====
2024-12-16 04:09:50,606 [INFO] {
    "accum_grad_iters": 1,
    "amp": true,
    "batch_size_eval": 4,
    "batch_size_train": 4,
    "device": "cuda",
    "dist_backend": "nccl",
    "dist_url": "env://",
    "distributed": true,
    "evaluate": false,
    "find_unused_parameters": true,
    "gpu": 0,
    "init_lr": 0.0003,
    "lr_sched": "linear_warmup_cosine_lr",
    "max_epoch": 50,
    "max_len": 200,
    "min_len": 8,
    "min_lr": 0,
    "num_beams": 5,
    "num_workers": 8,
    "output_dir": "result/mr_BLIP/Charades/Charades_20-24",
    "rank": 0,
    "resume_ckpt_path": null,
    "seed": 42,
    "task": "moment_retrieval",
    "test_splits": [
        "test"
    ],
    "train_splits": [
        "train"
    ],
    "valid_splits": [
        "val"
    ],
    "wandb": true,
    "wandb_name": "Charades_20",
    "wandb_project": "mr_BLIP",
    "warmup_lr": 1e-08,
    "warmup_steps": 1745,
    "weight_decay": 0.05,
    "world_size": 4
}
2024-12-16 04:09:50,606 [INFO] 
======  Dataset Attributes  ======
2024-12-16 04:09:50,607 [INFO] 
======== charades_sta =======
2024-12-16 04:09:50,607 [INFO] {
    "build_info": {
        "annotations": {
            "test": {
                "storage": "/home/atuin/g102ea/shared/charades_sta_annotations/test.json",
                "url": "/home/atuin/g102ea/shared/charades_sta_annotations/test.json"
            },
            "train": {
                "storage": "/home/atuin/g102ea/shared/charades_sta_annotations/train.json",
                "url": "/home/atuin/g102ea/shared/charades_sta_annotations/train.json"
            },
            "val": {
                "storage": "/home/atuin/g102ea/shared/charades_sta_annotations/test.json",
                "url": "/home/atuin/g102ea/shared/charades_sta_annotations/test.json"
            }
        },
        "videos": {
            "storage": "/home/atuin/g102ea/shared/videos/Charades_v1"
        }
    },
    "data_type": "videos",
    "text_processor": {
        "eval": {
            "max_words": 50,
            "name": "blip_question"
        },
        "train": {
            "max_words": 50,
            "name": "blip_question"
        }
    },
    "vis_processor": {
        "eval": {
            "image_size": 224,
            "n_frms": 20,
            "name": "blip_video_eval"
        },
        "train": {
            "image_size": 224,
            "n_frms": 20,
            "name": "blip2_video_train"
        }
    }
}
2024-12-16 04:09:50,607 [INFO] 
======  Model Attributes  ======
2024-12-16 04:09:50,607 [INFO] {
    "arch": "blip2_mr",
    "drop_path_rate": 0,
    "finetuned": "",
    "frame_token_aggregation": false,
    "freeze_vit": true,
    "image_size": 224,
    "input_time_format": "seconds_integers",
    "interleave_data": true,
    "load_finetuned": false,
    "model_type": "pretrain_flant5xl",
    "num_query_token": 32,
    "pretrained": "https://storage.googleapis.com/sfr-vision-language-research/LAVIS/models/BLIP2/blip2_pretrained_flant5xl.pth",
    "prompt": "",
    "t5_model": "google/flan-t5-xl",
    "task": "qformer_freeze_lora",
    "use_grad_checkpoint": false,
    "vit_precision": "fp16"
}
2024-12-16 04:09:50,611 [INFO] Using existing file /home/atuin/g102ea/shared/charades_sta_annotations/train.json.
2024-12-16 04:09:50,611 [INFO] Using existing file /home/atuin/g102ea/shared/charades_sta_annotations/test.json.
2024-12-16 04:09:50,611 [INFO] Using existing file /home/atuin/g102ea/shared/charades_sta_annotations/test.json.
2024-12-16 04:09:50,613 [INFO] Building datasets...
2024-12-16 04:10:17,652 [WARNING] /home/atuin/g102ea/g102ea22/mr-Audio/lavis/models/eva_vit.py:433: FutureWarning: You are using `torch.load` with `weights_only=False` (the current default value), which uses the default pickle module implicitly. It is possible to construct malicious pickle data which will execute arbitrary code during unpickling (See https://github.com/pytorch/pytorch/blob/main/SECURITY.md#untrusted-models for more details). In a future release, the default value for `weights_only` will be flipped to `True`. This limits the functions that could be executed during unpickling. Arbitrary objects will no longer be allowed to be loaded via this mode unless they are explicitly allowlisted by the user via `torch.serialization.add_safe_globals`. We recommend you start setting `weights_only=True` for any use case where you don't have full control of the loaded file. Please open an issue on GitHub for any issues related to this experimental feature.
  state_dict = torch.load(cached_file, map_location="cpu")

2024-12-16 04:10:17,652 [WARNING] /home/atuin/g102ea/g102ea22/mr-Audio/lavis/models/eva_vit.py:433: FutureWarning: You are using `torch.load` with `weights_only=False` (the current default value), which uses the default pickle module implicitly. It is possible to construct malicious pickle data which will execute arbitrary code during unpickling (See https://github.com/pytorch/pytorch/blob/main/SECURITY.md#untrusted-models for more details). In a future release, the default value for `weights_only` will be flipped to `True`. This limits the functions that could be executed during unpickling. Arbitrary objects will no longer be allowed to be loaded via this mode unless they are explicitly allowlisted by the user via `torch.serialization.add_safe_globals`. We recommend you start setting `weights_only=True` for any use case where you don't have full control of the loaded file. Please open an issue on GitHub for any issues related to this experimental feature.
  state_dict = torch.load(cached_file, map_location="cpu")

2024-12-16 04:10:17,652 [WARNING] /home/atuin/g102ea/g102ea22/mr-Audio/lavis/models/eva_vit.py:433: FutureWarning: You are using `torch.load` with `weights_only=False` (the current default value), which uses the default pickle module implicitly. It is possible to construct malicious pickle data which will execute arbitrary code during unpickling (See https://github.com/pytorch/pytorch/blob/main/SECURITY.md#untrusted-models for more details). In a future release, the default value for `weights_only` will be flipped to `True`. This limits the functions that could be executed during unpickling. Arbitrary objects will no longer be allowed to be loaded via this mode unless they are explicitly allowlisted by the user via `torch.serialization.add_safe_globals`. We recommend you start setting `weights_only=True` for any use case where you don't have full control of the loaded file. Please open an issue on GitHub for any issues related to this experimental feature.
  state_dict = torch.load(cached_file, map_location="cpu")

2024-12-16 04:10:17,652 [WARNING] /home/atuin/g102ea/g102ea22/mr-Audio/lavis/models/eva_vit.py:433: FutureWarning: You are using `torch.load` with `weights_only=False` (the current default value), which uses the default pickle module implicitly. It is possible to construct malicious pickle data which will execute arbitrary code during unpickling (See https://github.com/pytorch/pytorch/blob/main/SECURITY.md#untrusted-models for more details). In a future release, the default value for `weights_only` will be flipped to `True`. This limits the functions that could be executed during unpickling. Arbitrary objects will no longer be allowed to be loaded via this mode unless they are explicitly allowlisted by the user via `torch.serialization.add_safe_globals`. We recommend you start setting `weights_only=True` for any use case where you don't have full control of the loaded file. Please open an issue on GitHub for any issues related to this experimental feature.
  state_dict = torch.load(cached_file, map_location="cpu")

2024-12-16 04:10:24,767 [INFO] freeze vision encoder
Loading checkpoint shards:   0%|          | 0/2 [00:00<?, ?it/s]Loading checkpoint shards:   0%|          | 0/2 [00:00<?, ?it/s]Loading checkpoint shards:   0%|          | 0/2 [00:00<?, ?it/s]Loading checkpoint shards:   0%|          | 0/2 [00:00<?, ?it/s]Loading checkpoint shards:  50%|█████     | 1/2 [00:13<00:13, 13.99s/it]Loading checkpoint shards:  50%|█████     | 1/2 [00:12<00:12, 12.85s/it]Loading checkpoint shards:  50%|█████     | 1/2 [00:13<00:13, 13.42s/it]Loading checkpoint shards:  50%|█████     | 1/2 [00:12<00:12, 12.98s/it]Loading checkpoint shards: 100%|██████████| 2/2 [00:17<00:00,  7.54s/it]Loading checkpoint shards: 100%|██████████| 2/2 [00:17<00:00,  8.50s/it]
Loading checkpoint shards: 100%|██████████| 2/2 [00:16<00:00,  7.29s/it]Loading checkpoint shards: 100%|██████████| 2/2 [00:16<00:00,  8.21s/it]
Loading checkpoint shards: 100%|██████████| 2/2 [00:15<00:00,  7.11s/it]Loading checkpoint shards: 100%|██████████| 2/2 [00:15<00:00,  7.99s/it]
Loading checkpoint shards: 100%|██████████| 2/2 [00:15<00:00,  7.10s/it]Loading checkpoint shards: 100%|██████████| 2/2 [00:15<00:00,  7.97s/it]
2024-12-16 04:13:02,003 [INFO] Annoying numbers and their replacement: {112: 113, 128: 129, 135: 136, 161: 160, 162: 164, 163: 164, 170: 169, 171: 172, 173: 174, 175: 176, 181: 180, 182: 183, 191: 192, 193: 192, 194: 195}
2024-12-16 04:13:05,893 [WARNING] /home/atuin/g102ea/g102ea22/mr-Audio/lavis/models/blip2_models/blip2.py:80: FutureWarning: You are using `torch.load` with `weights_only=False` (the current default value), which uses the default pickle module implicitly. It is possible to construct malicious pickle data which will execute arbitrary code during unpickling (See https://github.com/pytorch/pytorch/blob/main/SECURITY.md#untrusted-models for more details). In a future release, the default value for `weights_only` will be flipped to `True`. This limits the functions that could be executed during unpickling. Arbitrary objects will no longer be allowed to be loaded via this mode unless they are explicitly allowlisted by the user via `torch.serialization.add_safe_globals`. We recommend you start setting `weights_only=True` for any use case where you don't have full control of the loaded file. Please open an issue on GitHub for any issues related to this experimental feature.
  checkpoint = torch.load(cached_file, map_location="cpu")

2024-12-16 04:13:05,893 [WARNING] /home/atuin/g102ea/g102ea22/mr-Audio/lavis/models/blip2_models/blip2.py:80: FutureWarning: You are using `torch.load` with `weights_only=False` (the current default value), which uses the default pickle module implicitly. It is possible to construct malicious pickle data which will execute arbitrary code during unpickling (See https://github.com/pytorch/pytorch/blob/main/SECURITY.md#untrusted-models for more details). In a future release, the default value for `weights_only` will be flipped to `True`. This limits the functions that could be executed during unpickling. Arbitrary objects will no longer be allowed to be loaded via this mode unless they are explicitly allowlisted by the user via `torch.serialization.add_safe_globals`. We recommend you start setting `weights_only=True` for any use case where you don't have full control of the loaded file. Please open an issue on GitHub for any issues related to this experimental feature.
  checkpoint = torch.load(cached_file, map_location="cpu")

2024-12-16 04:13:05,893 [WARNING] /home/atuin/g102ea/g102ea22/mr-Audio/lavis/models/blip2_models/blip2.py:80: FutureWarning: You are using `torch.load` with `weights_only=False` (the current default value), which uses the default pickle module implicitly. It is possible to construct malicious pickle data which will execute arbitrary code during unpickling (See https://github.com/pytorch/pytorch/blob/main/SECURITY.md#untrusted-models for more details). In a future release, the default value for `weights_only` will be flipped to `True`. This limits the functions that could be executed during unpickling. Arbitrary objects will no longer be allowed to be loaded via this mode unless they are explicitly allowlisted by the user via `torch.serialization.add_safe_globals`. We recommend you start setting `weights_only=True` for any use case where you don't have full control of the loaded file. Please open an issue on GitHub for any issues related to this experimental feature.
  checkpoint = torch.load(cached_file, map_location="cpu")

2024-12-16 04:13:05,894 [WARNING] /home/atuin/g102ea/g102ea22/mr-Audio/lavis/models/blip2_models/blip2.py:80: FutureWarning: You are using `torch.load` with `weights_only=False` (the current default value), which uses the default pickle module implicitly. It is possible to construct malicious pickle data which will execute arbitrary code during unpickling (See https://github.com/pytorch/pytorch/blob/main/SECURITY.md#untrusted-models for more details). In a future release, the default value for `weights_only` will be flipped to `True`. This limits the functions that could be executed during unpickling. Arbitrary objects will no longer be allowed to be loaded via this mode unless they are explicitly allowlisted by the user via `torch.serialization.add_safe_globals`. We recommend you start setting `weights_only=True` for any use case where you don't have full control of the loaded file. Please open an issue on GitHub for any issues related to this experimental feature.
  checkpoint = torch.load(cached_file, map_location="cpu")

2024-12-16 04:13:07,532 [INFO] load checkpoint from https://storage.googleapis.com/sfr-vision-language-research/LAVIS/models/BLIP2/blip2_pretrained_flant5xl.pth
2024-12-16 04:13:07,534 [INFO] load pretrained weights from https://storage.googleapis.com/sfr-vision-language-research/LAVIS/models/BLIP2/blip2_pretrained_flant5xl.pth
2024-12-16 04:13:07,960 [INFO] Start training
2024-12-16 04:13:08,562 [INFO] dataset_ratios not specified, datasets will be concatenated (map-style datasets) or chained (webdataset.DataPipeline).
2024-12-16 04:13:08,562 [INFO] Loaded 12408 records for train split from the dataset.
2024-12-16 04:13:08,563 [INFO] Loaded 3720 records for val split from the dataset.
2024-12-16 04:13:08,563 [INFO] Loaded 3720 records for test split from the dataset.
2024-12-16 04:13:08,597 [INFO] number of trainable parameters: 22825984
2024-12-16 04:13:08,613 [WARNING] /home/atuin/g102ea/g102ea22/mr-Audio/lavis/runners/runner_base.py:147: FutureWarning: `torch.cuda.amp.GradScaler(args...)` is deprecated. Please use `torch.amp.GradScaler('cuda', args...)` instead.
  self._scaler = torch.cuda.amp.GradScaler()

2024-12-16 04:13:08,613 [WARNING] /home/atuin/g102ea/g102ea22/mr-Audio/lavis/runners/runner_base.py:147: FutureWarning: `torch.cuda.amp.GradScaler(args...)` is deprecated. Please use `torch.amp.GradScaler('cuda', args...)` instead.
  self._scaler = torch.cuda.amp.GradScaler()

2024-12-16 04:13:08,613 [WARNING] /home/atuin/g102ea/g102ea22/mr-Audio/lavis/runners/runner_base.py:147: FutureWarning: `torch.cuda.amp.GradScaler(args...)` is deprecated. Please use `torch.amp.GradScaler('cuda', args...)` instead.
  self._scaler = torch.cuda.amp.GradScaler()

2024-12-16 04:13:08,614 [INFO] Start training epoch 0, 775 iters per inner epoch.
2024-12-16 04:13:08,614 [WARNING] /home/atuin/g102ea/g102ea22/mr-Audio/lavis/runners/runner_base.py:147: FutureWarning: `torch.cuda.amp.GradScaler(args...)` is deprecated. Please use `torch.amp.GradScaler('cuda', args...)` instead.
  self._scaler = torch.cuda.amp.GradScaler()

2024-12-16 04:13:26,247 [WARNING] /home/atuin/g102ea/g102ea22/mr-Audio/lavis/tasks/moment_retrieval.py:241: FutureWarning: `torch.cuda.amp.autocast(args...)` is deprecated. Please use `torch.amp.autocast('cuda', args...)` instead.
  with torch.cuda.amp.autocast(enabled=use_amp):

2024-12-16 04:13:29,068 [WARNING] /home/atuin/g102ea/g102ea22/mr-Audio/lavis/tasks/moment_retrieval.py:241: FutureWarning: `torch.cuda.amp.autocast(args...)` is deprecated. Please use `torch.amp.autocast('cuda', args...)` instead.
  with torch.cuda.amp.autocast(enabled=use_amp):

2024-12-16 04:13:31,254 [WARNING] /home/atuin/g102ea/g102ea22/mr-Audio/lavis/tasks/moment_retrieval.py:241: FutureWarning: `torch.cuda.amp.autocast(args...)` is deprecated. Please use `torch.amp.autocast('cuda', args...)` instead.
  with torch.cuda.amp.autocast(enabled=use_amp):

2024-12-16 04:13:31,371 [WARNING] /home/atuin/g102ea/g102ea22/mr-Audio/lavis/tasks/moment_retrieval.py:241: FutureWarning: `torch.cuda.amp.autocast(args...)` is deprecated. Please use `torch.amp.autocast('cuda', args...)` instead.
  with torch.cuda.amp.autocast(enabled=use_amp):

2024-12-16 04:13:36,010 [WARNING] /home/atuin/g102ea/g102ea22/mr-Audio/lavis/models/blip2_mr_models/blip2_mr.py:1165: FutureWarning: `torch.cuda.amp.autocast(args...)` is deprecated. Please use `torch.amp.autocast('cuda', args...)` instead.
  with torch.cuda.amp.autocast(enabled=(self.eigendevice != torch.device("cpu"))): #switch to self.device for original

2024-12-16 04:13:36,053 [WARNING] /home/atuin/g102ea/g102ea22/mr-Audio/lavis/models/blip2_mr_models/blip2_mr.py:1165: FutureWarning: `torch.cuda.amp.autocast(args...)` is deprecated. Please use `torch.amp.autocast('cuda', args...)` instead.
  with torch.cuda.amp.autocast(enabled=(self.eigendevice != torch.device("cpu"))): #switch to self.device for original

2024-12-16 04:13:36,120 [WARNING] /home/atuin/g102ea/g102ea22/mr-Audio/lavis/models/blip2_mr_models/blip2_mr.py:1165: FutureWarning: `torch.cuda.amp.autocast(args...)` is deprecated. Please use `torch.amp.autocast('cuda', args...)` instead.
  with torch.cuda.amp.autocast(enabled=(self.eigendevice != torch.device("cpu"))): #switch to self.device for original

2024-12-16 04:13:36,153 [WARNING] /home/atuin/g102ea/g102ea22/mr-Audio/lavis/models/blip2_mr_models/blip2_mr.py:1165: FutureWarning: `torch.cuda.amp.autocast(args...)` is deprecated. Please use `torch.amp.autocast('cuda', args...)` instead.
  with torch.cuda.amp.autocast(enabled=(self.eigendevice != torch.device("cpu"))): #switch to self.device for original

2024-12-16 04:13:37,629 [WARNING] /home/atuin/g102ea/g102ea22/mr-Audio/lavis/models/blip2_mr_models/blip2_mr.py:365: FutureWarning: `torch.cuda.amp.autocast(args...)` is deprecated. Please use `torch.amp.autocast('cuda', args...)` instead.
  with (torch.cuda.amp.autocast(dtype=torch.float32)):

2024-12-16 04:13:37,632 [WARNING] /home/atuin/g102ea/g102ea22/mr-Audio/lavis/models/blip2_mr_models/blip2_mr.py:365: FutureWarning: `torch.cuda.amp.autocast(args...)` is deprecated. Please use `torch.amp.autocast('cuda', args...)` instead.
  with (torch.cuda.amp.autocast(dtype=torch.float32)):

2024-12-16 04:13:37,634 [WARNING] /home/atuin/g102ea/g102ea22/mr-Audio/lavis/models/blip2_mr_models/blip2_mr.py:365: FutureWarning: `torch.cuda.amp.autocast(args...)` is deprecated. Please use `torch.amp.autocast('cuda', args...)` instead.
  with (torch.cuda.amp.autocast(dtype=torch.float32)):

2024-12-16 04:13:37,636 [WARNING] /home/atuin/g102ea/g102ea22/mr-Audio/lavis/models/blip2_mr_models/blip2_mr.py:365: FutureWarning: `torch.cuda.amp.autocast(args...)` is deprecated. Please use `torch.amp.autocast('cuda', args...)` instead.
  with (torch.cuda.amp.autocast(dtype=torch.float32)):

Traceback (most recent call last):
  File "/home/atuin/g102ea/g102ea22/mr-Audio/train.py", line 154, in <module>
    main()
  File "/home/atuin/g102ea/g102ea22/mr-Audio/train.py", line 150, in main
    runner.train()
  File "/home/atuin/g102ea/g102ea22/mr-Audio/lavis/runners/runner_base.py", line 386, in train
    train_stats = self.train_epoch(cur_epoch)
  File "/home/atuin/g102ea/g102ea22/mr-Audio/lavis/runners/runner_base.py", line 445, in train_epoch
    return self.task.train_epoch(
  File "/home/atuin/g102ea/g102ea22/mr-Audio/lavis/tasks/base_task.py", line 116, in train_epoch
    return self._train_inner_loop(
  File "/home/atuin/g102ea/g102ea22/mr-Audio/lavis/tasks/moment_retrieval.py", line 228, in _train_inner_loop
    samples = next(data_loader)
  File "/home/atuin/g102ea/g102ea22/mr-Audio/lavis/datasets/datasets/dataloader_utils.py", line 152, in __next__
    data = next(self.iter_loader)
  File "/home/atuin/g102ea/g102ea22/mr-Audio/lavis/datasets/datasets/dataloader_utils.py", line 76, in __iter__
    batch = self.next(loader_it)
  File "/home/atuin/g102ea/g102ea22/mr-Audio/lavis/datasets/datasets/dataloader_utils.py", line 111, in next
    self.preload(it)
  File "/home/atuin/g102ea/g102ea22/mr-Audio/lavis/datasets/datasets/dataloader_utils.py", line 83, in preload
    self.batch = next(it)
  File "/home/atuin/g102ea/g102ea22/venvs/mrBlipAudio/lib/python3.9/site-packages/torch/utils/data/dataloader.py", line 701, in __next__
    data = self._next_data()
  File "/home/atuin/g102ea/g102ea22/venvs/mrBlipAudio/lib/python3.9/site-packages/torch/utils/data/dataloader.py", line 1465, in _next_data
    return self._process_data(data)
  File "/home/atuin/g102ea/g102ea22/venvs/mrBlipAudio/lib/python3.9/site-packages/torch/utils/data/dataloader.py", line 1491, in _process_data
    data.reraise()
  File "/home/atuin/g102ea/g102ea22/venvs/mrBlipAudio/lib/python3.9/site-packages/torch/_utils.py", line 715, in reraise
    raise exception
RuntimeError: Caught RuntimeError in DataLoader worker process 7.
Original Traceback (most recent call last):
  File "/home/atuin/g102ea/g102ea22/venvs/mrBlipAudio/lib/python3.9/site-packages/torch/utils/data/_utils/worker.py", line 351, in _worker_loop
    data = fetcher.fetch(index)  # type: ignore[possibly-undefined]
  File "/home/atuin/g102ea/g102ea22/venvs/mrBlipAudio/lib/python3.9/site-packages/torch/utils/data/_utils/fetch.py", line 55, in fetch
    return self.collate_fn(data)
  File "/home/atuin/g102ea/g102ea22/mr-Audio/lavis/datasets/datasets/base_dataset.py", line 83, in collater
    return self.datasets[0].collater(samples_shared_keys)
  File "/home/atuin/g102ea/g102ea22/mr-Audio/lavis/datasets/datasets/base_dataset.py", line 50, in collater
    return default_collate(samples)
  File "/home/atuin/g102ea/g102ea22/venvs/mrBlipAudio/lib/python3.9/site-packages/torch/utils/data/_utils/collate.py", line 398, in default_collate
    return collate(batch, collate_fn_map=default_collate_fn_map)
  File "/home/atuin/g102ea/g102ea22/venvs/mrBlipAudio/lib/python3.9/site-packages/torch/utils/data/_utils/collate.py", line 171, in collate
    {
  File "/home/atuin/g102ea/g102ea22/venvs/mrBlipAudio/lib/python3.9/site-packages/torch/utils/data/_utils/collate.py", line 172, in <dictcomp>
    key: collate(
  File "/home/atuin/g102ea/g102ea22/venvs/mrBlipAudio/lib/python3.9/site-packages/torch/utils/data/_utils/collate.py", line 155, in collate
    return collate_fn_map[elem_type](batch, collate_fn_map=collate_fn_map)
  File "/home/atuin/g102ea/g102ea22/venvs/mrBlipAudio/lib/python3.9/site-packages/torch/utils/data/_utils/collate.py", line 271, in collate_tensor_fn
    out = elem.new(storage).resize_(len(batch), *list(elem.size()))
RuntimeError: Trying to resize storage that is not resizable

[rank0]: Traceback (most recent call last):
[rank0]:   File "/home/atuin/g102ea/g102ea22/mr-Audio/train.py", line 154, in <module>
[rank0]:     main()
[rank0]:   File "/home/atuin/g102ea/g102ea22/mr-Audio/train.py", line 150, in main
[rank0]:     runner.train()
[rank0]:   File "/home/atuin/g102ea/g102ea22/mr-Audio/lavis/runners/runner_base.py", line 386, in train
[rank0]:     train_stats = self.train_epoch(cur_epoch)
[rank0]:   File "/home/atuin/g102ea/g102ea22/mr-Audio/lavis/runners/runner_base.py", line 445, in train_epoch
[rank0]:     return self.task.train_epoch(
[rank0]:   File "/home/atuin/g102ea/g102ea22/mr-Audio/lavis/tasks/base_task.py", line 116, in train_epoch
[rank0]:     return self._train_inner_loop(
[rank0]:   File "/home/atuin/g102ea/g102ea22/mr-Audio/lavis/tasks/moment_retrieval.py", line 228, in _train_inner_loop
[rank0]:     samples = next(data_loader)
[rank0]:   File "/home/atuin/g102ea/g102ea22/mr-Audio/lavis/datasets/datasets/dataloader_utils.py", line 152, in __next__
[rank0]:     data = next(self.iter_loader)
[rank0]:   File "/home/atuin/g102ea/g102ea22/mr-Audio/lavis/datasets/datasets/dataloader_utils.py", line 76, in __iter__
[rank0]:     batch = self.next(loader_it)
[rank0]:   File "/home/atuin/g102ea/g102ea22/mr-Audio/lavis/datasets/datasets/dataloader_utils.py", line 111, in next
[rank0]:     self.preload(it)
[rank0]:   File "/home/atuin/g102ea/g102ea22/mr-Audio/lavis/datasets/datasets/dataloader_utils.py", line 83, in preload
[rank0]:     self.batch = next(it)
[rank0]:   File "/home/atuin/g102ea/g102ea22/venvs/mrBlipAudio/lib/python3.9/site-packages/torch/utils/data/dataloader.py", line 701, in __next__
[rank0]:     data = self._next_data()
[rank0]:   File "/home/atuin/g102ea/g102ea22/venvs/mrBlipAudio/lib/python3.9/site-packages/torch/utils/data/dataloader.py", line 1465, in _next_data
[rank0]:     return self._process_data(data)
[rank0]:   File "/home/atuin/g102ea/g102ea22/venvs/mrBlipAudio/lib/python3.9/site-packages/torch/utils/data/dataloader.py", line 1491, in _process_data
[rank0]:     data.reraise()
[rank0]:   File "/home/atuin/g102ea/g102ea22/venvs/mrBlipAudio/lib/python3.9/site-packages/torch/_utils.py", line 715, in reraise
[rank0]:     raise exception
[rank0]: RuntimeError: Caught RuntimeError in DataLoader worker process 7.
[rank0]: Original Traceback (most recent call last):
[rank0]:   File "/home/atuin/g102ea/g102ea22/venvs/mrBlipAudio/lib/python3.9/site-packages/torch/utils/data/_utils/worker.py", line 351, in _worker_loop
[rank0]:     data = fetcher.fetch(index)  # type: ignore[possibly-undefined]
[rank0]:   File "/home/atuin/g102ea/g102ea22/venvs/mrBlipAudio/lib/python3.9/site-packages/torch/utils/data/_utils/fetch.py", line 55, in fetch
[rank0]:     return self.collate_fn(data)
[rank0]:   File "/home/atuin/g102ea/g102ea22/mr-Audio/lavis/datasets/datasets/base_dataset.py", line 83, in collater
[rank0]:     return self.datasets[0].collater(samples_shared_keys)
[rank0]:   File "/home/atuin/g102ea/g102ea22/mr-Audio/lavis/datasets/datasets/base_dataset.py", line 50, in collater
[rank0]:     return default_collate(samples)
[rank0]:   File "/home/atuin/g102ea/g102ea22/venvs/mrBlipAudio/lib/python3.9/site-packages/torch/utils/data/_utils/collate.py", line 398, in default_collate
[rank0]:     return collate(batch, collate_fn_map=default_collate_fn_map)
[rank0]:   File "/home/atuin/g102ea/g102ea22/venvs/mrBlipAudio/lib/python3.9/site-packages/torch/utils/data/_utils/collate.py", line 171, in collate
[rank0]:     {
[rank0]:   File "/home/atuin/g102ea/g102ea22/venvs/mrBlipAudio/lib/python3.9/site-packages/torch/utils/data/_utils/collate.py", line 172, in <dictcomp>
[rank0]:     key: collate(
[rank0]:   File "/home/atuin/g102ea/g102ea22/venvs/mrBlipAudio/lib/python3.9/site-packages/torch/utils/data/_utils/collate.py", line 155, in collate
[rank0]:     return collate_fn_map[elem_type](batch, collate_fn_map=collate_fn_map)
[rank0]:   File "/home/atuin/g102ea/g102ea22/venvs/mrBlipAudio/lib/python3.9/site-packages/torch/utils/data/_utils/collate.py", line 271, in collate_tensor_fn
[rank0]:     out = elem.new(storage).resize_(len(batch), *list(elem.size()))
[rank0]: RuntimeError: Trying to resize storage that is not resizable

W1216 04:42:54.961431 166006 torch/distributed/elastic/multiprocessing/api.py:897] Sending process 166087 closing signal SIGTERM
W1216 04:42:54.972195 166006 torch/distributed/elastic/multiprocessing/api.py:897] Sending process 166088 closing signal SIGTERM
W1216 04:42:54.974776 166006 torch/distributed/elastic/multiprocessing/api.py:897] Sending process 166089 closing signal SIGTERM
E1216 04:42:54.984208 166006 torch/distributed/elastic/multiprocessing/api.py:869] failed (exitcode: 1) local_rank: 0 (pid: 166086) of binary: /home/atuin/g102ea/g102ea22/venvs/mrBlipAudio/bin/python
Traceback (most recent call last):
  File "/apps/python/3.9-anaconda/lib/python3.9/runpy.py", line 197, in _run_module_as_main
    return _run_code(code, main_globals, None,
  File "/apps/python/3.9-anaconda/lib/python3.9/runpy.py", line 87, in _run_code
    exec(code, run_globals)
  File "/home/atuin/g102ea/g102ea22/venvs/mrBlipAudio/lib/python3.9/site-packages/torch/distributed/run.py", line 923, in <module>
    main()
  File "/home/atuin/g102ea/g102ea22/venvs/mrBlipAudio/lib/python3.9/site-packages/torch/distributed/elastic/multiprocessing/errors/__init__.py", line 355, in wrapper
    return f(*args, **kwargs)
  File "/home/atuin/g102ea/g102ea22/venvs/mrBlipAudio/lib/python3.9/site-packages/torch/distributed/run.py", line 919, in main
    run(args)
  File "/home/atuin/g102ea/g102ea22/venvs/mrBlipAudio/lib/python3.9/site-packages/torch/distributed/run.py", line 910, in run
    elastic_launch(
  File "/home/atuin/g102ea/g102ea22/venvs/mrBlipAudio/lib/python3.9/site-packages/torch/distributed/launcher/api.py", line 138, in __call__
    return launch_agent(self._config, self._entrypoint, list(args))
  File "/home/atuin/g102ea/g102ea22/venvs/mrBlipAudio/lib/python3.9/site-packages/torch/distributed/launcher/api.py", line 269, in launch_agent
    raise ChildFailedError(
torch.distributed.elastic.multiprocessing.errors.ChildFailedError: 
============================================================
train.py FAILED
------------------------------------------------------------
Failures:
  <NO_OTHER_FAILURES>
------------------------------------------------------------
Root Cause (first observed failure):
[0]:
  time      : 2024-12-16_04:42:54
  host      : a0533.nhr.fau.de
  rank      : 0 (local_rank: 0)
  exitcode  : 1 (pid: 166086)
  error_file: <N/A>
  traceback : To enable traceback see: https://pytorch.org/docs/stable/elastic/errors.html
============================================================
