### Starting TaskPrologue of job 2244058 on a0902 at Mon Dec 16 03:02:41 CET 2024
Running on cores 0-31,64-79,96-111 with governor ondemand
Mon Dec 16 03:02:41 2024       
+-----------------------------------------------------------------------------------------+
| NVIDIA-SMI 560.35.03              Driver Version: 560.35.03      CUDA Version: 12.6     |
|-----------------------------------------+------------------------+----------------------+
| GPU  Name                 Persistence-M | Bus-Id          Disp.A | Volatile Uncorr. ECC |
| Fan  Temp   Perf          Pwr:Usage/Cap |           Memory-Usage | GPU-Util  Compute M. |
|                                         |                        |               MIG M. |
|=========================================+========================+======================|
|   0  NVIDIA A100-SXM4-40GB          On  |   00000000:0E:00.0 Off |                    0 |
| N/A   35C    P0             59W /  400W |       1MiB /  40960MiB |      0%      Default |
|                                         |                        |             Disabled |
+-----------------------------------------+------------------------+----------------------+
|   1  NVIDIA A100-SXM4-40GB          On  |   00000000:13:00.0 Off |                    0 |
| N/A   34C    P0             53W /  400W |       1MiB /  40960MiB |      0%      Default |
|                                         |                        |             Disabled |
+-----------------------------------------+------------------------+----------------------+
|   2  NVIDIA A100-SXM4-40GB          On  |   00000000:90:00.0 Off |                    0 |
| N/A   40C    P0             54W /  400W |       1MiB /  40960MiB |      0%      Default |
|                                         |                        |             Disabled |
+-----------------------------------------+------------------------+----------------------+
|   3  NVIDIA A100-SXM4-40GB          On  |   00000000:CC:00.0 Off |                    0 |
| N/A   33C    P0             53W /  400W |       1MiB /  40960MiB |      0%      Default |
|                                         |                        |             Disabled |
+-----------------------------------------+------------------------+----------------------+
                                                                                         
+-----------------------------------------------------------------------------------------+
| Processes:                                                                              |
|  GPU   GI   CI        PID   Type   Process name                              GPU Memory |
|        ID   ID                                                               Usage      |
|=========================================================================================|
|  No running processes found                                                             |
+-----------------------------------------------------------------------------------------+
### Finished TaskPrologue

0,1,2,3
4
| distributed init (rank 0, world 4): env://
| distributed init (rank 2, world 4): env://
| distributed init (rank 1, world 4): env://
| distributed init (rank 3, world 4): env://
audio_clip shape: torch.Size([2, 20, 48000])
audio shape: torch.Size([2, 20, 48000])
audio embdinngs shape: torch.Size([2, 20, 512])
emb shaoe: torch.Size([2, 20, 512])
frame_down_proj: torch.Size([40, 32, 512])
emb shaoe: torch.Size([40, 32, 512])
combined_video_audio_frame: torch.Size([40, 32, 1024])
fused_data: torch.Size([40, 32, 768])
frames_for_t5 after reshaping: torch.Size([2, 640, 2048])
Starting Prompt Concat
video_prompt_embs Shape: torch.Size([2, 662, 2048])
text_prompt_embs Shape: torch.Size([2, 30, 2048])
interleaved_video_prompt_embs Shape: torch.Size([2, 662, 2048])
After reshaping, video_prompt_embs Shape: torch.Size([2, 662, 2048])
After reshaping, text_prompt_embs Shape: torch.Size([2, 30, 2048])
After reshaping, interleaved_video_prompt_embs Shape: torch.Size([2, 662, 2048])
Train: data epoch: [0]  [   0/1551]  eta: 10:02:40  lr: 0.000000  loss: 3.9878  time: 23.3143  data: 0.0000  max mem: 29708
audio_clip shape: torch.Size([2, 20, 48000])
audio shape: torch.Size([2, 20, 48000])
audio embdinngs shape: torch.Size([2, 20, 512])
emb shaoe: torch.Size([2, 20, 512])
frame_down_proj: torch.Size([40, 32, 512])
emb shaoe: torch.Size([40, 32, 512])
combined_video_audio_frame: torch.Size([40, 32, 1024])
fused_data: torch.Size([40, 32, 768])
frames_for_t5 after reshaping: torch.Size([2, 640, 2048])
Starting Prompt Concat
video_prompt_embs Shape: torch.Size([2, 662, 2048])
text_prompt_embs Shape: torch.Size([2, 34, 2048])
interleaved_video_prompt_embs Shape: torch.Size([2, 662, 2048])
After reshaping, video_prompt_embs Shape: torch.Size([2, 662, 2048])
After reshaping, text_prompt_embs Shape: torch.Size([2, 34, 2048])
After reshaping, interleaved_video_prompt_embs Shape: torch.Size([2, 662, 2048])
audio_clip shape: torch.Size([2, 20, 48000])
audio shape: torch.Size([2, 20, 48000])
audio embdinngs shape: torch.Size([2, 20, 512])
emb shaoe: torch.Size([2, 20, 512])
frame_down_proj: torch.Size([40, 32, 512])
emb shaoe: torch.Size([40, 32, 512])
combined_video_audio_frame: torch.Size([40, 32, 1024])
fused_data: torch.Size([40, 32, 768])
frames_for_t5 after reshaping: torch.Size([2, 640, 2048])
Starting Prompt Concat
video_prompt_embs Shape: torch.Size([2, 662, 2048])
text_prompt_embs Shape: torch.Size([2, 33, 2048])
interleaved_video_prompt_embs Shape: torch.Size([2, 662, 2048])
After reshaping, video_prompt_embs Shape: torch.Size([2, 662, 2048])
After reshaping, text_prompt_embs Shape: torch.Size([2, 33, 2048])
After reshaping, interleaved_video_prompt_embs Shape: torch.Size([2, 662, 2048])
audio_clip shape: torch.Size([2, 20, 48000])
audio shape: torch.Size([2, 20, 48000])
audio embdinngs shape: torch.Size([2, 20, 512])
emb shaoe: torch.Size([2, 20, 512])
frame_down_proj: torch.Size([40, 32, 512])
emb shaoe: torch.Size([40, 32, 512])
combined_video_audio_frame: torch.Size([40, 32, 1024])
fused_data: torch.Size([40, 32, 768])
frames_for_t5 after reshaping: torch.Size([2, 640, 2048])
Starting Prompt Concat
video_prompt_embs Shape: torch.Size([2, 662, 2048])
text_prompt_embs Shape: torch.Size([2, 30, 2048])
interleaved_video_prompt_embs Shape: torch.Size([2, 662, 2048])
After reshaping, video_prompt_embs Shape: torch.Size([2, 662, 2048])
After reshaping, text_prompt_embs Shape: torch.Size([2, 30, 2048])
After reshaping, interleaved_video_prompt_embs Shape: torch.Size([2, 662, 2048])
audio_clip shape: torch.Size([2, 20, 48000])
audio shape: torch.Size([2, 20, 48000])
audio embdinngs shape: torch.Size([2, 20, 512])
emb shaoe: torch.Size([2, 20, 512])
frame_down_proj: torch.Size([40, 32, 512])
emb shaoe: torch.Size([40, 32, 512])
combined_video_audio_frame: torch.Size([40, 32, 1024])
fused_data: torch.Size([40, 32, 768])
frames_for_t5 after reshaping: torch.Size([2, 640, 2048])
Starting Prompt Concat
video_prompt_embs Shape: torch.Size([2, 662, 2048])
text_prompt_embs Shape: torch.Size([2, 31, 2048])
interleaved_video_prompt_embs Shape: torch.Size([2, 662, 2048])
After reshaping, video_prompt_embs Shape: torch.Size([2, 662, 2048])
After reshaping, text_prompt_embs Shape: torch.Size([2, 31, 2048])
After reshaping, interleaved_video_prompt_embs Shape: torch.Size([2, 662, 2048])
audio_clip shape: torch.Size([2, 20, 48000])
audio shape: torch.Size([2, 20, 48000])
audio embdinngs shape: torch.Size([2, 20, 512])
emb shaoe: torch.Size([2, 20, 512])
frame_down_proj: torch.Size([40, 32, 512])
emb shaoe: torch.Size([40, 32, 512])
combined_video_audio_frame: torch.Size([40, 32, 1024])
fused_data: torch.Size([40, 32, 768])
frames_for_t5 after reshaping: torch.Size([2, 640, 2048])
Starting Prompt Concat
video_prompt_embs Shape: torch.Size([2, 662, 2048])
text_prompt_embs Shape: torch.Size([2, 36, 2048])
interleaved_video_prompt_embs Shape: torch.Size([2, 662, 2048])
After reshaping, video_prompt_embs Shape: torch.Size([2, 662, 2048])
After reshaping, text_prompt_embs Shape: torch.Size([2, 36, 2048])
After reshaping, interleaved_video_prompt_embs Shape: torch.Size([2, 662, 2048])
audio_clip shape: torch.Size([2, 20, 48000])
audio shape: torch.Size([2, 20, 48000])
audio embdinngs shape: torch.Size([2, 20, 512])
emb shaoe: torch.Size([2, 20, 512])
frame_down_proj: torch.Size([40, 32, 512])
emb shaoe: torch.Size([40, 32, 512])
combined_video_audio_frame: torch.Size([40, 32, 1024])
fused_data: torch.Size([40, 32, 768])
frames_for_t5 after reshaping: torch.Size([2, 640, 2048])
Starting Prompt Concat
video_prompt_embs Shape: torch.Size([2, 662, 2048])
text_prompt_embs Shape: torch.Size([2, 34, 2048])
interleaved_video_prompt_embs Shape: torch.Size([2, 662, 2048])
After reshaping, video_prompt_embs Shape: torch.Size([2, 662, 2048])
After reshaping, text_prompt_embs Shape: torch.Size([2, 34, 2048])
After reshaping, interleaved_video_prompt_embs Shape: torch.Size([2, 662, 2048])
audio_clip shape: torch.Size([2, 20, 48000])
audio shape: torch.Size([2, 20, 48000])
audio embdinngs shape: torch.Size([2, 20, 512])
emb shaoe: torch.Size([2, 20, 512])
frame_down_proj: torch.Size([40, 32, 512])
emb shaoe: torch.Size([40, 32, 512])
combined_video_audio_frame: torch.Size([40, 32, 1024])
fused_data: torch.Size([40, 32, 768])
frames_for_t5 after reshaping: torch.Size([2, 640, 2048])
Starting Prompt Concat
video_prompt_embs Shape: torch.Size([2, 662, 2048])
text_prompt_embs Shape: torch.Size([2, 33, 2048])
interleaved_video_prompt_embs Shape: torch.Size([2, 662, 2048])
After reshaping, video_prompt_embs Shape: torch.Size([2, 662, 2048])
After reshaping, text_prompt_embs Shape: torch.Size([2, 33, 2048])
After reshaping, interleaved_video_prompt_embs Shape: torch.Size([2, 662, 2048])
audio_clip shape: torch.Size([2, 20, 48000])
audio shape: torch.Size([2, 20, 48000])
audio embdinngs shape: torch.Size([2, 20, 512])
emb shaoe: torch.Size([2, 20, 512])
frame_down_proj: torch.Size([40, 32, 512])
emb shaoe: torch.Size([40, 32, 512])
combined_video_audio_frame: torch.Size([40, 32, 1024])
fused_data: torch.Size([40, 32, 768])
frames_for_t5 after reshaping: torch.Size([2, 640, 2048])
Starting Prompt Concat
video_prompt_embs Shape: torch.Size([2, 662, 2048])
text_prompt_embs Shape: torch.Size([2, 35, 2048])
interleaved_video_prompt_embs Shape: torch.Size([2, 662, 2048])
After reshaping, video_prompt_embs Shape: torch.Size([2, 662, 2048])
After reshaping, text_prompt_embs Shape: torch.Size([2, 35, 2048])
After reshaping, interleaved_video_prompt_embs Shape: torch.Size([2, 662, 2048])
audio_clip shape: torch.Size([2, 20, 48000])
audio shape: torch.Size([2, 20, 48000])
audio embdinngs shape: torch.Size([2, 20, 512])
emb shaoe: torch.Size([2, 20, 512])
frame_down_proj: torch.Size([40, 32, 512])
emb shaoe: torch.Size([40, 32, 512])
combined_video_audio_frame: torch.Size([40, 32, 1024])
fused_data: torch.Size([40, 32, 768])
frames_for_t5 after reshaping: torch.Size([2, 640, 2048])
Starting Prompt Concat
video_prompt_embs Shape: torch.Size([2, 662, 2048])
text_prompt_embs Shape: torch.Size([2, 31, 2048])
interleaved_video_prompt_embs Shape: torch.Size([2, 662, 2048])
After reshaping, video_prompt_embs Shape: torch.Size([2, 662, 2048])
After reshaping, text_prompt_embs Shape: torch.Size([2, 31, 2048])
After reshaping, interleaved_video_prompt_embs Shape: torch.Size([2, 662, 2048])
audio_clip shape: torch.Size([2, 20, 48000])
audio shape: torch.Size([2, 20, 48000])
audio embdinngs shape: torch.Size([2, 20, 512])
emb shaoe: torch.Size([2, 20, 512])
frame_down_proj: torch.Size([40, 32, 512])
emb shaoe: torch.Size([40, 32, 512])
combined_video_audio_frame: torch.Size([40, 32, 1024])
fused_data: torch.Size([40, 32, 768])
frames_for_t5 after reshaping: torch.Size([2, 640, 2048])
Starting Prompt Concat
video_prompt_embs Shape: torch.Size([2, 662, 2048])
text_prompt_embs Shape: torch.Size([2, 28, 2048])
interleaved_video_prompt_embs Shape: torch.Size([2, 662, 2048])
After reshaping, video_prompt_embs Shape: torch.Size([2, 662, 2048])
After reshaping, text_prompt_embs Shape: torch.Size([2, 28, 2048])
After reshaping, interleaved_video_prompt_embs Shape: torch.Size([2, 662, 2048])
audio_clip shape: torch.Size([2, 20, 48000])
audio shape: torch.Size([2, 20, 48000])
audio embdinngs shape: torch.Size([2, 20, 512])
emb shaoe: torch.Size([2, 20, 512])
frame_down_proj: torch.Size([40, 32, 512])
emb shaoe: torch.Size([40, 32, 512])
combined_video_audio_frame: torch.Size([40, 32, 1024])
fused_data: torch.Size([40, 32, 768])
frames_for_t5 after reshaping: torch.Size([2, 640, 2048])
Starting Prompt Concat
video_prompt_embs Shape: torch.Size([2, 662, 2048])
text_prompt_embs Shape: torch.Size([2, 32, 2048])
interleaved_video_prompt_embs Shape: torch.Size([2, 662, 2048])
After reshaping, video_prompt_embs Shape: torch.Size([2, 662, 2048])
After reshaping, text_prompt_embs Shape: torch.Size([2, 32, 2048])
After reshaping, interleaved_video_prompt_embs Shape: torch.Size([2, 662, 2048])
audio_clip shape: torch.Size([2, 20, 48000])
audio shape: torch.Size([2, 20, 48000])
audio embdinngs shape: torch.Size([2, 20, 512])
emb shaoe: torch.Size([2, 20, 512])
frame_down_proj: torch.Size([40, 32, 512])
emb shaoe: torch.Size([40, 32, 512])
combined_video_audio_frame: torch.Size([40, 32, 1024])
fused_data: torch.Size([40, 32, 768])
frames_for_t5 after reshaping: torch.Size([2, 640, 2048])
Starting Prompt Concat
video_prompt_embs Shape: torch.Size([2, 662, 2048])
text_prompt_embs Shape: torch.Size([2, 31, 2048])
interleaved_video_prompt_embs Shape: torch.Size([2, 662, 2048])
After reshaping, video_prompt_embs Shape: torch.Size([2, 662, 2048])
After reshaping, text_prompt_embs Shape: torch.Size([2, 31, 2048])
After reshaping, interleaved_video_prompt_embs Shape: torch.Size([2, 662, 2048])
audio_clip shape: torch.Size([2, 20, 48000])
audio shape: torch.Size([2, 20, 48000])
audio embdinngs shape: torch.Size([2, 20, 512])
emb shaoe: torch.Size([2, 20, 512])
frame_down_proj: torch.Size([40, 32, 512])
emb shaoe: torch.Size([40, 32, 512])
combined_video_audio_frame: torch.Size([40, 32, 1024])
fused_data: torch.Size([40, 32, 768])
frames_for_t5 after reshaping: torch.Size([2, 640, 2048])
Starting Prompt Concat
video_prompt_embs Shape: torch.Size([2, 662, 2048])
text_prompt_embs Shape: torch.Size([2, 36, 2048])
interleaved_video_prompt_embs Shape: torch.Size([2, 662, 2048])
After reshaping, video_prompt_embs Shape: torch.Size([2, 662, 2048])
After reshaping, text_prompt_embs Shape: torch.Size([2, 36, 2048])
After reshaping, interleaved_video_prompt_embs Shape: torch.Size([2, 662, 2048])
audio_clip shape: torch.Size([2, 20, 48000])
audio shape: torch.Size([2, 20, 48000])
audio embdinngs shape: torch.Size([2, 20, 512])
emb shaoe: torch.Size([2, 20, 512])
frame_down_proj: torch.Size([40, 32, 512])
emb shaoe: torch.Size([40, 32, 512])
combined_video_audio_frame: torch.Size([40, 32, 1024])
fused_data: torch.Size([40, 32, 768])
frames_for_t5 after reshaping: torch.Size([2, 640, 2048])
Starting Prompt Concat
video_prompt_embs Shape: torch.Size([2, 662, 2048])
text_prompt_embs Shape: torch.Size([2, 33, 2048])
interleaved_video_prompt_embs Shape: torch.Size([2, 662, 2048])
After reshaping, video_prompt_embs Shape: torch.Size([2, 662, 2048])
After reshaping, text_prompt_embs Shape: torch.Size([2, 33, 2048])
After reshaping, interleaved_video_prompt_embs Shape: torch.Size([2, 662, 2048])
audio_clip shape: torch.Size([2, 20, 48000])
audio shape: torch.Size([2, 20, 48000])
audio embdinngs shape: torch.Size([2, 20, 512])
emb shaoe: torch.Size([2, 20, 512])
frame_down_proj: torch.Size([40, 32, 512])
emb shaoe: torch.Size([40, 32, 512])
combined_video_audio_frame: torch.Size([40, 32, 1024])
fused_data: torch.Size([40, 32, 768])
frames_for_t5 after reshaping: torch.Size([2, 640, 2048])
Starting Prompt Concat
video_prompt_embs Shape: torch.Size([2, 662, 2048])
text_prompt_embs Shape: torch.Size([2, 29, 2048])
interleaved_video_prompt_embs Shape: torch.Size([2, 662, 2048])
After reshaping, video_prompt_embs Shape: torch.Size([2, 662, 2048])
After reshaping, text_prompt_embs Shape: torch.Size([2, 29, 2048])
After reshaping, interleaved_video_prompt_embs Shape: torch.Size([2, 662, 2048])
audio_clip shape: torch.Size([2, 20, 48000])
audio shape: torch.Size([2, 20, 48000])
audio embdinngs shape: torch.Size([2, 20, 512])
emb shaoe: torch.Size([2, 20, 512])
frame_down_proj: torch.Size([40, 32, 512])
emb shaoe: torch.Size([40, 32, 512])
combined_video_audio_frame: torch.Size([40, 32, 1024])
fused_data: torch.Size([40, 32, 768])
frames_for_t5 after reshaping: torch.Size([2, 640, 2048])
Starting Prompt Concat
video_prompt_embs Shape: torch.Size([2, 662, 2048])
text_prompt_embs Shape: torch.Size([2, 32, 2048])
interleaved_video_prompt_embs Shape: torch.Size([2, 662, 2048])
After reshaping, video_prompt_embs Shape: torch.Size([2, 662, 2048])
After reshaping, text_prompt_embs Shape: torch.Size([2, 32, 2048])
After reshaping, interleaved_video_prompt_embs Shape: torch.Size([2, 662, 2048])
audio_clip shape: torch.Size([2, 20, 48000])
audio shape: torch.Size([2, 20, 48000])
audio embdinngs shape: torch.Size([2, 20, 512])
emb shaoe: torch.Size([2, 20, 512])
frame_down_proj: torch.Size([40, 32, 512])
emb shaoe: torch.Size([40, 32, 512])
combined_video_audio_frame: torch.Size([40, 32, 1024])
fused_data: torch.Size([40, 32, 768])
frames_for_t5 after reshaping: torch.Size([2, 640, 2048])
Starting Prompt Concat
video_prompt_embs Shape: torch.Size([2, 662, 2048])
text_prompt_embs Shape: torch.Size([2, 34, 2048])
interleaved_video_prompt_embs Shape: torch.Size([2, 662, 2048])
After reshaping, video_prompt_embs Shape: torch.Size([2, 662, 2048])
After reshaping, text_prompt_embs Shape: torch.Size([2, 34, 2048])
After reshaping, interleaved_video_prompt_embs Shape: torch.Size([2, 662, 2048])
audio_clip shape: torch.Size([2, 20, 48000])
audio shape: torch.Size([2, 20, 48000])
audio embdinngs shape: torch.Size([2, 20, 512])
emb shaoe: torch.Size([2, 20, 512])
frame_down_proj: torch.Size([40, 32, 512])
emb shaoe: torch.Size([40, 32, 512])
combined_video_audio_frame: torch.Size([40, 32, 1024])
fused_data: torch.Size([40, 32, 768])
frames_for_t5 after reshaping: torch.Size([2, 640, 2048])
Starting Prompt Concat
video_prompt_embs Shape: torch.Size([2, 662, 2048])
text_prompt_embs Shape: torch.Size([2, 30, 2048])
interleaved_video_prompt_embs Shape: torch.Size([2, 662, 2048])
After reshaping, video_prompt_embs Shape: torch.Size([2, 662, 2048])
After reshaping, text_prompt_embs Shape: torch.Size([2, 30, 2048])
After reshaping, interleaved_video_prompt_embs Shape: torch.Size([2, 662, 2048])
audio_clip shape: torch.Size([2, 20, 48000])
audio shape: torch.Size([2, 20, 48000])
audio embdinngs shape: torch.Size([2, 20, 512])
emb shaoe: torch.Size([2, 20, 512])
frame_down_proj: torch.Size([40, 32, 512])
emb shaoe: torch.Size([40, 32, 512])
combined_video_audio_frame: torch.Size([40, 32, 1024])
fused_data: torch.Size([40, 32, 768])
frames_for_t5 after reshaping: torch.Size([2, 640, 2048])
Starting Prompt Concat
video_prompt_embs Shape: torch.Size([2, 662, 2048])
text_prompt_embs Shape: torch.Size([2, 30, 2048])
interleaved_video_prompt_embs Shape: torch.Size([2, 662, 2048])
After reshaping, video_prompt_embs Shape: torch.Size([2, 662, 2048])
After reshaping, text_prompt_embs Shape: torch.Size([2, 30, 2048])
After reshaping, interleaved_video_prompt_embs Shape: torch.Size([2, 662, 2048])
audio_clip shape: torch.Size([2, 20, 48000])
audio shape: torch.Size([2, 20, 48000])
audio embdinngs shape: torch.Size([2, 20, 512])
emb shaoe: torch.Size([2, 20, 512])
frame_down_proj: torch.Size([40, 32, 512])
emb shaoe: torch.Size([40, 32, 512])
combined_video_audio_frame: torch.Size([40, 32, 1024])
fused_data: torch.Size([40, 32, 768])
frames_for_t5 after reshaping: torch.Size([2, 640, 2048])
Starting Prompt Concat
video_prompt_embs Shape: torch.Size([2, 662, 2048])
text_prompt_embs Shape: torch.Size([2, 30, 2048])
interleaved_video_prompt_embs Shape: torch.Size([2, 662, 2048])
After reshaping, video_prompt_embs Shape: torch.Size([2, 662, 2048])
After reshaping, text_prompt_embs Shape: torch.Size([2, 30, 2048])
After reshaping, interleaved_video_prompt_embs Shape: torch.Size([2, 662, 2048])
audio_clip shape: torch.Size([2, 20, 48000])
audio shape: torch.Size([2, 20, 48000])
audio embdinngs shape: torch.Size([2, 20, 512])
emb shaoe: torch.Size([2, 20, 512])
frame_down_proj: torch.Size([40, 32, 512])
emb shaoe: torch.Size([40, 32, 512])
combined_video_audio_frame: torch.Size([40, 32, 1024])
fused_data: torch.Size([40, 32, 768])
frames_for_t5 after reshaping: torch.Size([2, 640, 2048])
Starting Prompt Concat
video_prompt_embs Shape: torch.Size([2, 662, 2048])
text_prompt_embs Shape: torch.Size([2, 30, 2048])
interleaved_video_prompt_embs Shape: torch.Size([2, 662, 2048])
After reshaping, video_prompt_embs Shape: torch.Size([2, 662, 2048])
After reshaping, text_prompt_embs Shape: torch.Size([2, 30, 2048])
After reshaping, interleaved_video_prompt_embs Shape: torch.Size([2, 662, 2048])
audio_clip shape: torch.Size([2, 20, 48000])
audio shape: torch.Size([2, 20, 48000])
audio embdinngs shape: torch.Size([2, 20, 512])
emb shaoe: torch.Size([2, 20, 512])
frame_down_proj: torch.Size([40, 32, 512])
emb shaoe: torch.Size([40, 32, 512])
combined_video_audio_frame: torch.Size([40, 32, 1024])
fused_data: torch.Size([40, 32, 768])
frames_for_t5 after reshaping: torch.Size([2, 640, 2048])
Starting Prompt Concat
video_prompt_embs Shape: torch.Size([2, 662, 2048])
text_prompt_embs Shape: torch.Size([2, 29, 2048])
interleaved_video_prompt_embs Shape: torch.Size([2, 662, 2048])
After reshaping, video_prompt_embs Shape: torch.Size([2, 662, 2048])
After reshaping, text_prompt_embs Shape: torch.Size([2, 29, 2048])
After reshaping, interleaved_video_prompt_embs Shape: torch.Size([2, 662, 2048])
audio_clip shape: torch.Size([2, 20, 48000])
audio shape: torch.Size([2, 20, 48000])
audio embdinngs shape: torch.Size([2, 20, 512])
emb shaoe: torch.Size([2, 20, 512])
frame_down_proj: torch.Size([40, 32, 512])
emb shaoe: torch.Size([40, 32, 512])
combined_video_audio_frame: torch.Size([40, 32, 1024])
fused_data: torch.Size([40, 32, 768])
frames_for_t5 after reshaping: torch.Size([2, 640, 2048])
Starting Prompt Concat
video_prompt_embs Shape: torch.Size([2, 662, 2048])
text_prompt_embs Shape: torch.Size([2, 37, 2048])
interleaved_video_prompt_embs Shape: torch.Size([2, 662, 2048])
After reshaping, video_prompt_embs Shape: torch.Size([2, 662, 2048])
After reshaping, text_prompt_embs Shape: torch.Size([2, 37, 2048])
After reshaping, interleaved_video_prompt_embs Shape: torch.Size([2, 662, 2048])
audio_clip shape: torch.Size([2, 20, 48000])
audio shape: torch.Size([2, 20, 48000])
audio embdinngs shape: torch.Size([2, 20, 512])
emb shaoe: torch.Size([2, 20, 512])
frame_down_proj: torch.Size([40, 32, 512])
emb shaoe: torch.Size([40, 32, 512])
combined_video_audio_frame: torch.Size([40, 32, 1024])
fused_data: torch.Size([40, 32, 768])
frames_for_t5 after reshaping: torch.Size([2, 640, 2048])
Starting Prompt Concat
video_prompt_embs Shape: torch.Size([2, 662, 2048])
text_prompt_embs Shape: torch.Size([2, 31, 2048])
interleaved_video_prompt_embs Shape: torch.Size([2, 662, 2048])
After reshaping, video_prompt_embs Shape: torch.Size([2, 662, 2048])
After reshaping, text_prompt_embs Shape: torch.Size([2, 31, 2048])
After reshaping, interleaved_video_prompt_embs Shape: torch.Size([2, 662, 2048])
audio_clip shape: torch.Size([2, 20, 48000])
audio shape: torch.Size([2, 20, 48000])
audio embdinngs shape: torch.Size([2, 20, 512])
emb shaoe: torch.Size([2, 20, 512])
frame_down_proj: torch.Size([40, 32, 512])
emb shaoe: torch.Size([40, 32, 512])
combined_video_audio_frame: torch.Size([40, 32, 1024])
fused_data: torch.Size([40, 32, 768])
frames_for_t5 after reshaping: torch.Size([2, 640, 2048])
Starting Prompt Concat
video_prompt_embs Shape: torch.Size([2, 662, 2048])
text_prompt_embs Shape: torch.Size([2, 30, 2048])
interleaved_video_prompt_embs Shape: torch.Size([2, 662, 2048])
After reshaping, video_prompt_embs Shape: torch.Size([2, 662, 2048])
After reshaping, text_prompt_embs Shape: torch.Size([2, 30, 2048])
After reshaping, interleaved_video_prompt_embs Shape: torch.Size([2, 662, 2048])
audio_clip shape: torch.Size([2, 20, 48000])
audio shape: torch.Size([2, 20, 48000])
audio embdinngs shape: torch.Size([2, 20, 512])
emb shaoe: torch.Size([2, 20, 512])
frame_down_proj: torch.Size([40, 32, 512])
emb shaoe: torch.Size([40, 32, 512])
combined_video_audio_frame: torch.Size([40, 32, 1024])
fused_data: torch.Size([40, 32, 768])
frames_for_t5 after reshaping: torch.Size([2, 640, 2048])
Starting Prompt Concat
video_prompt_embs Shape: torch.Size([2, 662, 2048])
text_prompt_embs Shape: torch.Size([2, 29, 2048])
interleaved_video_prompt_embs Shape: torch.Size([2, 662, 2048])
After reshaping, video_prompt_embs Shape: torch.Size([2, 662, 2048])
After reshaping, text_prompt_embs Shape: torch.Size([2, 29, 2048])
After reshaping, interleaved_video_prompt_embs Shape: torch.Size([2, 662, 2048])
audio_clip shape: torch.Size([2, 20, 48000])
audio shape: torch.Size([2, 20, 48000])
audio embdinngs shape: torch.Size([2, 20, 512])
emb shaoe: torch.Size([2, 20, 512])
frame_down_proj: torch.Size([40, 32, 512])
emb shaoe: torch.Size([40, 32, 512])
combined_video_audio_frame: torch.Size([40, 32, 1024])
fused_data: torch.Size([40, 32, 768])
frames_for_t5 after reshaping: torch.Size([2, 640, 2048])
Starting Prompt Concat
video_prompt_embs Shape: torch.Size([2, 662, 2048])
text_prompt_embs Shape: torch.Size([2, 28, 2048])
interleaved_video_prompt_embs Shape: torch.Size([2, 662, 2048])
After reshaping, video_prompt_embs Shape: torch.Size([2, 662, 2048])
After reshaping, text_prompt_embs Shape: torch.Size([2, 28, 2048])
After reshaping, interleaved_video_prompt_embs Shape: torch.Size([2, 662, 2048])
audio_clip shape: torch.Size([2, 20, 48000])
audio shape: torch.Size([2, 20, 48000])
audio embdinngs shape: torch.Size([2, 20, 512])
emb shaoe: torch.Size([2, 20, 512])
frame_down_proj: torch.Size([40, 32, 512])
emb shaoe: torch.Size([40, 32, 512])
combined_video_audio_frame: torch.Size([40, 32, 1024])
fused_data: torch.Size([40, 32, 768])
frames_for_t5 after reshaping: torch.Size([2, 640, 2048])
Starting Prompt Concat
video_prompt_embs Shape: torch.Size([2, 662, 2048])
text_prompt_embs Shape: torch.Size([2, 28, 2048])
interleaved_video_prompt_embs Shape: torch.Size([2, 662, 2048])
After reshaping, video_prompt_embs Shape: torch.Size([2, 662, 2048])
After reshaping, text_prompt_embs Shape: torch.Size([2, 28, 2048])
After reshaping, interleaved_video_prompt_embs Shape: torch.Size([2, 662, 2048])
audio_clip shape: torch.Size([2, 20, 48000])
audio shape: torch.Size([2, 20, 48000])
audio embdinngs shape: torch.Size([2, 20, 512])
emb shaoe: torch.Size([2, 20, 512])
frame_down_proj: torch.Size([40, 32, 512])
emb shaoe: torch.Size([40, 32, 512])
combined_video_audio_frame: torch.Size([40, 32, 1024])
fused_data: torch.Size([40, 32, 768])
frames_for_t5 after reshaping: torch.Size([2, 640, 2048])
Starting Prompt Concat
video_prompt_embs Shape: torch.Size([2, 662, 2048])
text_prompt_embs Shape: torch.Size([2, 30, 2048])
interleaved_video_prompt_embs Shape: torch.Size([2, 662, 2048])
After reshaping, video_prompt_embs Shape: torch.Size([2, 662, 2048])
After reshaping, text_prompt_embs Shape: torch.Size([2, 30, 2048])
After reshaping, interleaved_video_prompt_embs Shape: torch.Size([2, 662, 2048])
audio_clip shape: torch.Size([2, 20, 48000])
audio shape: torch.Size([2, 20, 48000])
audio embdinngs shape: torch.Size([2, 20, 512])
emb shaoe: torch.Size([2, 20, 512])
frame_down_proj: torch.Size([40, 32, 512])
emb shaoe: torch.Size([40, 32, 512])
combined_video_audio_frame: torch.Size([40, 32, 1024])
fused_data: torch.Size([40, 32, 768])
frames_for_t5 after reshaping: torch.Size([2, 640, 2048])
Starting Prompt Concat
video_prompt_embs Shape: torch.Size([2, 662, 2048])
text_prompt_embs Shape: torch.Size([2, 29, 2048])
interleaved_video_prompt_embs Shape: torch.Size([2, 662, 2048])
After reshaping, video_prompt_embs Shape: torch.Size([2, 662, 2048])
After reshaping, text_prompt_embs Shape: torch.Size([2, 29, 2048])
After reshaping, interleaved_video_prompt_embs Shape: torch.Size([2, 662, 2048])
audio_clip shape: torch.Size([2, 20, 48000])
audio shape: torch.Size([2, 20, 48000])
audio embdinngs shape: torch.Size([2, 20, 512])
emb shaoe: torch.Size([2, 20, 512])
frame_down_proj: torch.Size([40, 32, 512])
emb shaoe: torch.Size([40, 32, 512])
combined_video_audio_frame: torch.Size([40, 32, 1024])
fused_data: torch.Size([40, 32, 768])
frames_for_t5 after reshaping: torch.Size([2, 640, 2048])
Starting Prompt Concat
video_prompt_embs Shape: torch.Size([2, 662, 2048])
text_prompt_embs Shape: torch.Size([2, 28, 2048])
interleaved_video_prompt_embs Shape: torch.Size([2, 662, 2048])
After reshaping, video_prompt_embs Shape: torch.Size([2, 662, 2048])
After reshaping, text_prompt_embs Shape: torch.Size([2, 28, 2048])
After reshaping, interleaved_video_prompt_embs Shape: torch.Size([2, 662, 2048])
audio_clip shape: torch.Size([2, 20, 48000])
audio shape: torch.Size([2, 20, 48000])
audio embdinngs shape: torch.Size([2, 20, 512])
emb shaoe: torch.Size([2, 20, 512])
frame_down_proj: torch.Size([40, 32, 512])
emb shaoe: torch.Size([40, 32, 512])
combined_video_audio_frame: torch.Size([40, 32, 1024])
fused_data: torch.Size([40, 32, 768])
frames_for_t5 after reshaping: torch.Size([2, 640, 2048])
Starting Prompt Concat
video_prompt_embs Shape: torch.Size([2, 662, 2048])
text_prompt_embs Shape: torch.Size([2, 27, 2048])
interleaved_video_prompt_embs Shape: torch.Size([2, 662, 2048])
After reshaping, video_prompt_embs Shape: torch.Size([2, 662, 2048])
After reshaping, text_prompt_embs Shape: torch.Size([2, 27, 2048])
After reshaping, interleaved_video_prompt_embs Shape: torch.Size([2, 662, 2048])
audio_clip shape: torch.Size([2, 20, 48000])
audio shape: torch.Size([2, 20, 48000])
audio embdinngs shape: torch.Size([2, 20, 512])
emb shaoe: torch.Size([2, 20, 512])
frame_down_proj: torch.Size([40, 32, 512])
emb shaoe: torch.Size([40, 32, 512])
combined_video_audio_frame: torch.Size([40, 32, 1024])
fused_data: torch.Size([40, 32, 768])
frames_for_t5 after reshaping: torch.Size([2, 640, 2048])
Starting Prompt Concat
video_prompt_embs Shape: torch.Size([2, 662, 2048])
text_prompt_embs Shape: torch.Size([2, 28, 2048])
interleaved_video_prompt_embs Shape: torch.Size([2, 662, 2048])
After reshaping, video_prompt_embs Shape: torch.Size([2, 662, 2048])
After reshaping, text_prompt_embs Shape: torch.Size([2, 28, 2048])
After reshaping, interleaved_video_prompt_embs Shape: torch.Size([2, 662, 2048])
audio_clip shape: torch.Size([2, 20, 48000])
audio shape: torch.Size([2, 20, 48000])
audio embdinngs shape: torch.Size([2, 20, 512])
emb shaoe: torch.Size([2, 20, 512])
frame_down_proj: torch.Size([40, 32, 512])
emb shaoe: torch.Size([40, 32, 512])
combined_video_audio_frame: torch.Size([40, 32, 1024])
fused_data: torch.Size([40, 32, 768])
frames_for_t5 after reshaping: torch.Size([2, 640, 2048])
Starting Prompt Concat
video_prompt_embs Shape: torch.Size([2, 662, 2048])
text_prompt_embs Shape: torch.Size([2, 34, 2048])
interleaved_video_prompt_embs Shape: torch.Size([2, 662, 2048])
After reshaping, video_prompt_embs Shape: torch.Size([2, 662, 2048])
After reshaping, text_prompt_embs Shape: torch.Size([2, 34, 2048])
After reshaping, interleaved_video_prompt_embs Shape: torch.Size([2, 662, 2048])
audio_clip shape: torch.Size([2, 20, 48000])
audio shape: torch.Size([2, 20, 48000])
audio embdinngs shape: torch.Size([2, 20, 512])
emb shaoe: torch.Size([2, 20, 512])
frame_down_proj: torch.Size([40, 32, 512])
emb shaoe: torch.Size([40, 32, 512])
combined_video_audio_frame: torch.Size([40, 32, 1024])
fused_data: torch.Size([40, 32, 768])
frames_for_t5 after reshaping: torch.Size([2, 640, 2048])
Starting Prompt Concat
video_prompt_embs Shape: torch.Size([2, 662, 2048])
text_prompt_embs Shape: torch.Size([2, 28, 2048])
interleaved_video_prompt_embs Shape: torch.Size([2, 662, 2048])
After reshaping, video_prompt_embs Shape: torch.Size([2, 662, 2048])
After reshaping, text_prompt_embs Shape: torch.Size([2, 28, 2048])
After reshaping, interleaved_video_prompt_embs Shape: torch.Size([2, 662, 2048])
audio_clip shape: torch.Size([2, 20, 48000])
audio shape: torch.Size([2, 20, 48000])
audio embdinngs shape: torch.Size([2, 20, 512])
emb shaoe: torch.Size([2, 20, 512])
frame_down_proj: torch.Size([40, 32, 512])
emb shaoe: torch.Size([40, 32, 512])
combined_video_audio_frame: torch.Size([40, 32, 1024])
fused_data: torch.Size([40, 32, 768])
frames_for_t5 after reshaping: torch.Size([2, 640, 2048])
Starting Prompt Concat
video_prompt_embs Shape: torch.Size([2, 662, 2048])
text_prompt_embs Shape: torch.Size([2, 30, 2048])
interleaved_video_prompt_embs Shape: torch.Size([2, 662, 2048])
After reshaping, video_prompt_embs Shape: torch.Size([2, 662, 2048])
After reshaping, text_prompt_embs Shape: torch.Size([2, 30, 2048])
After reshaping, interleaved_video_prompt_embs Shape: torch.Size([2, 662, 2048])
audio_clip shape: torch.Size([2, 20, 48000])
audio shape: torch.Size([2, 20, 48000])
audio embdinngs shape: torch.Size([2, 20, 512])
emb shaoe: torch.Size([2, 20, 512])
frame_down_proj: torch.Size([40, 32, 512])
emb shaoe: torch.Size([40, 32, 512])
combined_video_audio_frame: torch.Size([40, 32, 1024])
fused_data: torch.Size([40, 32, 768])
frames_for_t5 after reshaping: torch.Size([2, 640, 2048])
Starting Prompt Concat
video_prompt_embs Shape: torch.Size([2, 662, 2048])
text_prompt_embs Shape: torch.Size([2, 28, 2048])
interleaved_video_prompt_embs Shape: torch.Size([2, 662, 2048])
After reshaping, video_prompt_embs Shape: torch.Size([2, 662, 2048])
After reshaping, text_prompt_embs Shape: torch.Size([2, 28, 2048])
After reshaping, interleaved_video_prompt_embs Shape: torch.Size([2, 662, 2048])
audio_clip shape: torch.Size([2, 20, 48000])
audio shape: torch.Size([2, 20, 48000])
audio embdinngs shape: torch.Size([2, 20, 512])
emb shaoe: torch.Size([2, 20, 512])
frame_down_proj: torch.Size([40, 32, 512])
emb shaoe: torch.Size([40, 32, 512])
combined_video_audio_frame: torch.Size([40, 32, 1024])
fused_data: torch.Size([40, 32, 768])
frames_for_t5 after reshaping: torch.Size([2, 640, 2048])
Starting Prompt Concat
video_prompt_embs Shape: torch.Size([2, 662, 2048])
text_prompt_embs Shape: torch.Size([2, 32, 2048])
interleaved_video_prompt_embs Shape: torch.Size([2, 662, 2048])
After reshaping, video_prompt_embs Shape: torch.Size([2, 662, 2048])
After reshaping, text_prompt_embs Shape: torch.Size([2, 32, 2048])
After reshaping, interleaved_video_prompt_embs Shape: torch.Size([2, 662, 2048])
=== JOB_STATISTICS ===
=== current date     : Mon Dec 16 03:10:46 CET 2024
= Job-ID             : 2244058 on alex
= Job-Name           : mr_audio_charades
= Job-Command        : /home/atuin/g102ea/g102ea22/mr-Audio/train_charades_sta.sh
= Initial workdir    : /home/atuin/g102ea/g102ea22/mr-Audio
= Queue/Partition    : a100
= Slurm account      : g102ea with QOS=normal
= Features           : a100_40
= Requested resources:  for 1-00:00:00
= Elapsed runtime    : 00:08:01
= Total RAM usage    : 309.1 GiB of assigned  GiB (%)
= Node list          : a0902
= Subm/Elig/Start/End: 2024-12-16T03:02:36 / 2024-12-16T03:02:36 / 2024-12-16T03:02:36 / 2024-12-16T03:10:37
======================
=== Quota infos ======
    Path              Used     SoftQ    HardQ    Gracetime  Filec    FileQ    FiHaQ    FileGrace    
    /home/hpc           44.6G   104.9G   209.7G        N/A     102K     500K   1,000K        N/A    
    /home/vault          0.0K  1048.6G  2097.2G        N/A       1      200K     400K        N/A    
======================
=== GPU utilization ==
gpu_name, gpu_bus_id, pid, gpu_utilization [%], mem_utilization [%], max_memory_usage [MiB], time [ms]
NVIDIA A100-SXM4-40GB, 00000000:0E:00.0, 267485, 16 %, 3 %, 36364 MiB, 383929 ms
NVIDIA A100-SXM4-40GB, 00000000:13:00.0, 267486, 14 %, 3 %, 40314 MiB, 383590 ms
NVIDIA A100-SXM4-40GB, 00000000:90:00.0, 267487, 20 %, 3 %, 36556 MiB, 384163 ms
NVIDIA A100-SXM4-40GB, 00000000:CC:00.0, 267488, 18 %, 3 %, 40318 MiB, 384537 ms
