Sun Dec 15 11:59:34 2024       
+-----------------------------------------------------------------------------------------+
| NVIDIA-SMI 560.35.03              Driver Version: 560.35.03      CUDA Version: 12.6     |
|-----------------------------------------+------------------------+----------------------+
| GPU  Name                 Persistence-M | Bus-Id          Disp.A | Volatile Uncorr. ECC |
| Fan  Temp   Perf          Pwr:Usage/Cap |           Memory-Usage | GPU-Util  Compute M. |
|                                         |                        |               MIG M. |
|=========================================+========================+======================|
|   0  NVIDIA A100-SXM4-40GB          On  |   00000000:0E:00.0 Off |                    0 |
| N/A   35C    P0             73W /  400W |       1MiB /  40960MiB |      0%      Default |
|                                         |                        |             Disabled |
+-----------------------------------------+------------------------+----------------------+
|   1  NVIDIA A100-SXM4-40GB          On  |   00000000:13:00.0 Off |                    0 |
| N/A   34C    P0             65W /  400W |       1MiB /  40960MiB |      0%      Default |
|                                         |                        |             Disabled |
+-----------------------------------------+------------------------+----------------------+
                                                                                         
+-----------------------------------------------------------------------------------------+
| Processes:                                                                              |
|  GPU   GI   CI        PID   Type   Process name                              GPU Memory |
|        ID   ID                                                               Usage      |
|=========================================================================================|
|  No running processes found                                                             |
+-----------------------------------------------------------------------------------------+
/var/tmp/slurmd_spool/job2242595/slurm_script: line 21: module: command not found
/var/tmp/slurmd_spool/job2242595/slurm_script: line 22: module: command not found
/var/tmp/slurmd_spool/job2242595/slurm_script: line 23: module: command not found
/var/tmp/slurmd_spool/job2242595/slurm_script: line 27: ./home/atuin/g102ea/g102ea22/mr-Audio/run_scripts/mr_BLIP/train/charades.sh: No such file or directory
