WARNING:__main__:
*****************************************
Setting OMP_NUM_THREADS environment variable for each process to be 1 in default, to avoid your system being overloaded, please further tune the variable for optimal performance in your application as needed. 
*****************************************
/home/atuin/g102ea/g102ea22/software/private/conda/envs/mrBlipAudio/lib/python3.8/site-packages/fairscale/experimental/nn/offload.py:19: FutureWarning: `torch.cuda.amp.custom_fwd(args...)` is deprecated. Please use `torch.amp.custom_fwd(args..., device_type='cuda')` instead.
  return torch.cuda.amp.custom_fwd(orig_func)  # type: ignore
/home/atuin/g102ea/g102ea22/software/private/conda/envs/mrBlipAudio/lib/python3.8/site-packages/fairscale/experimental/nn/offload.py:19: FutureWarning: `torch.cuda.amp.custom_fwd(args...)` is deprecated. Please use `torch.amp.custom_fwd(args..., device_type='cuda')` instead.
  return torch.cuda.amp.custom_fwd(orig_func)  # type: ignore
/home/atuin/g102ea/g102ea22/software/private/conda/envs/mrBlipAudio/lib/python3.8/site-packages/fairscale/experimental/nn/offload.py:30: FutureWarning: `torch.cuda.amp.custom_bwd(args...)` is deprecated. Please use `torch.amp.custom_bwd(args..., device_type='cuda')` instead.
  return torch.cuda.amp.custom_bwd(orig_func)  # type: ignore
/home/atuin/g102ea/g102ea22/software/private/conda/envs/mrBlipAudio/lib/python3.8/site-packages/fairscale/experimental/nn/offload.py:30: FutureWarning: `torch.cuda.amp.custom_bwd(args...)` is deprecated. Please use `torch.amp.custom_bwd(args..., device_type='cuda')` instead.
  return torch.cuda.amp.custom_bwd(orig_func)  # type: ignore
/home/atuin/g102ea/g102ea22/software/private/conda/envs/mrBlipAudio/lib/python3.8/site-packages/fairscale/experimental/nn/offload.py:19: FutureWarning: `torch.cuda.amp.custom_fwd(args...)` is deprecated. Please use `torch.amp.custom_fwd(args..., device_type='cuda')` instead.
  return torch.cuda.amp.custom_fwd(orig_func)  # type: ignore
/home/atuin/g102ea/g102ea22/software/private/conda/envs/mrBlipAudio/lib/python3.8/site-packages/fairscale/experimental/nn/offload.py:30: FutureWarning: `torch.cuda.amp.custom_bwd(args...)` is deprecated. Please use `torch.amp.custom_bwd(args..., device_type='cuda')` instead.
  return torch.cuda.amp.custom_bwd(orig_func)  # type: ignore
/home/atuin/g102ea/g102ea22/software/private/conda/envs/mrBlipAudio/lib/python3.8/site-packages/fairscale/experimental/nn/offload.py:19: FutureWarning: `torch.cuda.amp.custom_fwd(args...)` is deprecated. Please use `torch.amp.custom_fwd(args..., device_type='cuda')` instead.
  return torch.cuda.amp.custom_fwd(orig_func)  # type: ignore
/home/atuin/g102ea/g102ea22/software/private/conda/envs/mrBlipAudio/lib/python3.8/site-packages/fairscale/experimental/nn/offload.py:30: FutureWarning: `torch.cuda.amp.custom_bwd(args...)` is deprecated. Please use `torch.amp.custom_bwd(args..., device_type='cuda')` instead.
  return torch.cuda.amp.custom_bwd(orig_func)  # type: ignore
wandb: Using wandb-core as the SDK backend.  Please refer to https://wandb.me/wandb-core for more information.
wandb: Currently logged in as: joeltschesche (joeltschesche-tu-darmstadt). Use `wandb login --relogin` to force relogin
wandb: Tracking run with wandb version 0.19.1
wandb: Run data is saved locally in /home/atuin/g102ea/g102ea22/mr-Audio/wandb/run-20241216_165312-sgt3hw66
wandb: Run `wandb offline` to turn off syncing.
wandb: Syncing run Charades_20
wandb: ⭐️ View project at https://wandb.ai/joeltschesche-tu-darmstadt/mr_BLIP
wandb: 🚀 View run at https://wandb.ai/joeltschesche-tu-darmstadt/mr_BLIP/runs/sgt3hw66
2024-12-16 16:53:13,121 [INFO] 
=====  Running Parameters    =====
2024-12-16 16:53:13,122 [INFO] {
    "accum_grad_iters": 1,
    "amp": true,
    "batch_size_eval": 4,
    "batch_size_train": 4,
    "device": "cuda",
    "dist_backend": "nccl",
    "dist_url": "env://",
    "distributed": true,
    "evaluate": false,
    "find_unused_parameters": true,
    "gpu": 0,
    "init_lr": 0.0003,
    "lr_sched": "linear_warmup_cosine_lr",
    "max_epoch": 50,
    "max_len": 200,
    "min_len": 8,
    "min_lr": 0,
    "num_beams": 5,
    "num_workers": 8,
    "output_dir": "result/mr_BLIP/Charades/Charades_20-26",
    "rank": 0,
    "resume_ckpt_path": null,
    "seed": 42,
    "task": "moment_retrieval",
    "test_splits": [
        "test"
    ],
    "train_splits": [
        "train"
    ],
    "valid_splits": [
        "val"
    ],
    "wandb": true,
    "wandb_name": "Charades_20",
    "wandb_project": "mr_BLIP",
    "warmup_lr": 1e-08,
    "warmup_steps": 1745,
    "weight_decay": 0.05,
    "world_size": 4
}
2024-12-16 16:53:13,122 [INFO] 
======  Dataset Attributes  ======
2024-12-16 16:53:13,122 [INFO] 
======== charades_sta =======
2024-12-16 16:53:13,123 [INFO] {
    "build_info": {
        "annotations": {
            "test": {
                "storage": "/home/atuin/g102ea/shared/charades_sta_annotations/test.json",
                "url": "/home/atuin/g102ea/shared/charades_sta_annotations/test.json"
            },
            "train": {
                "storage": "/home/atuin/g102ea/shared/charades_sta_annotations/train.json",
                "url": "/home/atuin/g102ea/shared/charades_sta_annotations/train.json"
            },
            "val": {
                "storage": "/home/atuin/g102ea/shared/charades_sta_annotations/test.json",
                "url": "/home/atuin/g102ea/shared/charades_sta_annotations/test.json"
            }
        },
        "videos": {
            "storage": "/home/atuin/g102ea/shared/videos/Charades_v1"
        }
    },
    "data_type": "videos",
    "text_processor": {
        "eval": {
            "max_words": 50,
            "name": "blip_question"
        },
        "train": {
            "max_words": 50,
            "name": "blip_question"
        }
    },
    "vis_processor": {
        "eval": {
            "image_size": 224,
            "n_frms": 20,
            "name": "blip_video_eval"
        },
        "train": {
            "image_size": 224,
            "n_frms": 20,
            "name": "blip2_video_train"
        }
    }
}
2024-12-16 16:53:13,123 [INFO] 
======  Model Attributes  ======
2024-12-16 16:53:13,123 [INFO] {
    "arch": "blip2_mr",
    "drop_path_rate": 0,
    "finetuned": "",
    "frame_token_aggregation": false,
    "freeze_vit": true,
    "image_size": 224,
    "input_time_format": "seconds_integers",
    "interleave_data": true,
    "load_finetuned": false,
    "model_type": "pretrain_flant5xl",
    "num_query_token": 32,
    "pretrained": "https://storage.googleapis.com/sfr-vision-language-research/LAVIS/models/BLIP2/blip2_pretrained_flant5xl.pth",
    "prompt": "",
    "t5_model": "google/flan-t5-xl",
    "task": "qformer_freeze_lora",
    "use_grad_checkpoint": false,
    "vit_precision": "fp16"
}
2024-12-16 16:53:13,124 [INFO] Using existing file /home/atuin/g102ea/shared/charades_sta_annotations/train.json.
2024-12-16 16:53:13,124 [INFO] Using existing file /home/atuin/g102ea/shared/charades_sta_annotations/test.json.
2024-12-16 16:53:13,125 [INFO] Using existing file /home/atuin/g102ea/shared/charades_sta_annotations/test.json.
2024-12-16 16:53:13,126 [INFO] Building datasets...
2024-12-16 16:53:34,162 [WARNING] /home/atuin/g102ea/g102ea22/mr-Audio/lavis/models/eva_vit.py:433: FutureWarning: You are using `torch.load` with `weights_only=False` (the current default value), which uses the default pickle module implicitly. It is possible to construct malicious pickle data which will execute arbitrary code during unpickling (See https://github.com/pytorch/pytorch/blob/main/SECURITY.md#untrusted-models for more details). In a future release, the default value for `weights_only` will be flipped to `True`. This limits the functions that could be executed during unpickling. Arbitrary objects will no longer be allowed to be loaded via this mode unless they are explicitly allowlisted by the user via `torch.serialization.add_safe_globals`. We recommend you start setting `weights_only=True` for any use case where you don't have full control of the loaded file. Please open an issue on GitHub for any issues related to this experimental feature.
  state_dict = torch.load(cached_file, map_location="cpu")

2024-12-16 16:53:34,163 [WARNING] /home/atuin/g102ea/g102ea22/mr-Audio/lavis/models/eva_vit.py:433: FutureWarning: You are using `torch.load` with `weights_only=False` (the current default value), which uses the default pickle module implicitly. It is possible to construct malicious pickle data which will execute arbitrary code during unpickling (See https://github.com/pytorch/pytorch/blob/main/SECURITY.md#untrusted-models for more details). In a future release, the default value for `weights_only` will be flipped to `True`. This limits the functions that could be executed during unpickling. Arbitrary objects will no longer be allowed to be loaded via this mode unless they are explicitly allowlisted by the user via `torch.serialization.add_safe_globals`. We recommend you start setting `weights_only=True` for any use case where you don't have full control of the loaded file. Please open an issue on GitHub for any issues related to this experimental feature.
  state_dict = torch.load(cached_file, map_location="cpu")

2024-12-16 16:53:34,163 [WARNING] /home/atuin/g102ea/g102ea22/mr-Audio/lavis/models/eva_vit.py:433: FutureWarning: You are using `torch.load` with `weights_only=False` (the current default value), which uses the default pickle module implicitly. It is possible to construct malicious pickle data which will execute arbitrary code during unpickling (See https://github.com/pytorch/pytorch/blob/main/SECURITY.md#untrusted-models for more details). In a future release, the default value for `weights_only` will be flipped to `True`. This limits the functions that could be executed during unpickling. Arbitrary objects will no longer be allowed to be loaded via this mode unless they are explicitly allowlisted by the user via `torch.serialization.add_safe_globals`. We recommend you start setting `weights_only=True` for any use case where you don't have full control of the loaded file. Please open an issue on GitHub for any issues related to this experimental feature.
  state_dict = torch.load(cached_file, map_location="cpu")

2024-12-16 16:53:34,163 [WARNING] /home/atuin/g102ea/g102ea22/mr-Audio/lavis/models/eva_vit.py:433: FutureWarning: You are using `torch.load` with `weights_only=False` (the current default value), which uses the default pickle module implicitly. It is possible to construct malicious pickle data which will execute arbitrary code during unpickling (See https://github.com/pytorch/pytorch/blob/main/SECURITY.md#untrusted-models for more details). In a future release, the default value for `weights_only` will be flipped to `True`. This limits the functions that could be executed during unpickling. Arbitrary objects will no longer be allowed to be loaded via this mode unless they are explicitly allowlisted by the user via `torch.serialization.add_safe_globals`. We recommend you start setting `weights_only=True` for any use case where you don't have full control of the loaded file. Please open an issue on GitHub for any issues related to this experimental feature.
  state_dict = torch.load(cached_file, map_location="cpu")

2024-12-16 16:53:41,673 [INFO] freeze vision encoder
Loading checkpoint shards:   0%|          | 0/2 [00:00<?, ?it/s]Loading checkpoint shards:   0%|          | 0/2 [00:00<?, ?it/s]Loading checkpoint shards:   0%|          | 0/2 [00:00<?, ?it/s]Loading checkpoint shards:   0%|          | 0/2 [00:00<?, ?it/s]Loading checkpoint shards:  50%|█████     | 1/2 [00:00<00:00,  1.38it/s]Loading checkpoint shards:  50%|█████     | 1/2 [00:00<00:00,  1.47it/s]Loading checkpoint shards:  50%|█████     | 1/2 [00:00<00:00,  1.52it/s]Loading checkpoint shards:  50%|█████     | 1/2 [00:00<00:00,  1.38it/s]Loading checkpoint shards: 100%|██████████| 2/2 [00:00<00:00,  2.31it/s]Loading checkpoint shards: 100%|██████████| 2/2 [00:00<00:00,  2.14it/s]
Loading checkpoint shards: 100%|██████████| 2/2 [00:00<00:00,  2.25it/s]Loading checkpoint shards: 100%|██████████| 2/2 [00:00<00:00,  2.09it/s]
Loading checkpoint shards: 100%|██████████| 2/2 [00:01<00:00,  2.15it/s]Loading checkpoint shards: 100%|██████████| 2/2 [00:01<00:00,  1.98it/s]
Loading checkpoint shards: 100%|██████████| 2/2 [00:00<00:00,  2.19it/s]Loading checkpoint shards: 100%|██████████| 2/2 [00:00<00:00,  2.01it/s]
2024-12-16 16:54:33,658 [INFO] Annoying numbers and their replacement: {112: 113, 128: 129, 135: 136, 161: 160, 162: 164, 163: 164, 170: 169, 171: 172, 173: 174, 175: 176, 181: 180, 182: 183, 191: 192, 193: 192, 194: 195}
2024-12-16 16:54:37,463 [WARNING] /home/atuin/g102ea/g102ea22/mr-Audio/lavis/models/blip2_models/blip2.py:80: FutureWarning: You are using `torch.load` with `weights_only=False` (the current default value), which uses the default pickle module implicitly. It is possible to construct malicious pickle data which will execute arbitrary code during unpickling (See https://github.com/pytorch/pytorch/blob/main/SECURITY.md#untrusted-models for more details). In a future release, the default value for `weights_only` will be flipped to `True`. This limits the functions that could be executed during unpickling. Arbitrary objects will no longer be allowed to be loaded via this mode unless they are explicitly allowlisted by the user via `torch.serialization.add_safe_globals`. We recommend you start setting `weights_only=True` for any use case where you don't have full control of the loaded file. Please open an issue on GitHub for any issues related to this experimental feature.
  checkpoint = torch.load(cached_file, map_location="cpu")

2024-12-16 16:54:37,463 [WARNING] /home/atuin/g102ea/g102ea22/mr-Audio/lavis/models/blip2_models/blip2.py:80: FutureWarning: You are using `torch.load` with `weights_only=False` (the current default value), which uses the default pickle module implicitly. It is possible to construct malicious pickle data which will execute arbitrary code during unpickling (See https://github.com/pytorch/pytorch/blob/main/SECURITY.md#untrusted-models for more details). In a future release, the default value for `weights_only` will be flipped to `True`. This limits the functions that could be executed during unpickling. Arbitrary objects will no longer be allowed to be loaded via this mode unless they are explicitly allowlisted by the user via `torch.serialization.add_safe_globals`. We recommend you start setting `weights_only=True` for any use case where you don't have full control of the loaded file. Please open an issue on GitHub for any issues related to this experimental feature.
  checkpoint = torch.load(cached_file, map_location="cpu")

2024-12-16 16:54:37,463 [WARNING] /home/atuin/g102ea/g102ea22/mr-Audio/lavis/models/blip2_models/blip2.py:80: FutureWarning: You are using `torch.load` with `weights_only=False` (the current default value), which uses the default pickle module implicitly. It is possible to construct malicious pickle data which will execute arbitrary code during unpickling (See https://github.com/pytorch/pytorch/blob/main/SECURITY.md#untrusted-models for more details). In a future release, the default value for `weights_only` will be flipped to `True`. This limits the functions that could be executed during unpickling. Arbitrary objects will no longer be allowed to be loaded via this mode unless they are explicitly allowlisted by the user via `torch.serialization.add_safe_globals`. We recommend you start setting `weights_only=True` for any use case where you don't have full control of the loaded file. Please open an issue on GitHub for any issues related to this experimental feature.
  checkpoint = torch.load(cached_file, map_location="cpu")

2024-12-16 16:54:37,463 [WARNING] /home/atuin/g102ea/g102ea22/mr-Audio/lavis/models/blip2_models/blip2.py:80: FutureWarning: You are using `torch.load` with `weights_only=False` (the current default value), which uses the default pickle module implicitly. It is possible to construct malicious pickle data which will execute arbitrary code during unpickling (See https://github.com/pytorch/pytorch/blob/main/SECURITY.md#untrusted-models for more details). In a future release, the default value for `weights_only` will be flipped to `True`. This limits the functions that could be executed during unpickling. Arbitrary objects will no longer be allowed to be loaded via this mode unless they are explicitly allowlisted by the user via `torch.serialization.add_safe_globals`. We recommend you start setting `weights_only=True` for any use case where you don't have full control of the loaded file. Please open an issue on GitHub for any issues related to this experimental feature.
  checkpoint = torch.load(cached_file, map_location="cpu")

2024-12-16 16:54:39,304 [INFO] load checkpoint from https://storage.googleapis.com/sfr-vision-language-research/LAVIS/models/BLIP2/blip2_pretrained_flant5xl.pth
2024-12-16 16:54:39,305 [INFO] load pretrained weights from https://storage.googleapis.com/sfr-vision-language-research/LAVIS/models/BLIP2/blip2_pretrained_flant5xl.pth
2024-12-16 16:54:39,705 [INFO] Start training
2024-12-16 16:54:40,000 [INFO] dataset_ratios not specified, datasets will be concatenated (map-style datasets) or chained (webdataset.DataPipeline).
2024-12-16 16:54:40,001 [INFO] Loaded 12408 records for train split from the dataset.
2024-12-16 16:54:40,001 [INFO] Loaded 3720 records for val split from the dataset.
2024-12-16 16:54:40,001 [INFO] Loaded 3720 records for test split from the dataset.
2024-12-16 16:54:40,034 [INFO] number of trainable parameters: 22825984
2024-12-16 16:54:40,035 [WARNING] /home/atuin/g102ea/g102ea22/mr-Audio/lavis/runners/runner_base.py:147: FutureWarning: `torch.cuda.amp.GradScaler(args...)` is deprecated. Please use `torch.amp.GradScaler('cuda', args...)` instead.
  self._scaler = torch.cuda.amp.GradScaler()

2024-12-16 16:54:40,036 [WARNING] /home/atuin/g102ea/g102ea22/mr-Audio/lavis/runners/runner_base.py:147: FutureWarning: `torch.cuda.amp.GradScaler(args...)` is deprecated. Please use `torch.amp.GradScaler('cuda', args...)` instead.
  self._scaler = torch.cuda.amp.GradScaler()

2024-12-16 16:54:40,036 [WARNING] /home/atuin/g102ea/g102ea22/mr-Audio/lavis/runners/runner_base.py:147: FutureWarning: `torch.cuda.amp.GradScaler(args...)` is deprecated. Please use `torch.amp.GradScaler('cuda', args...)` instead.
  self._scaler = torch.cuda.amp.GradScaler()

2024-12-16 16:54:40,036 [INFO] Start training epoch 0, 775 iters per inner epoch.
2024-12-16 16:54:40,037 [WARNING] /home/atuin/g102ea/g102ea22/mr-Audio/lavis/runners/runner_base.py:147: FutureWarning: `torch.cuda.amp.GradScaler(args...)` is deprecated. Please use `torch.amp.GradScaler('cuda', args...)` instead.
  self._scaler = torch.cuda.amp.GradScaler()

2024-12-16 16:54:56,915 [WARNING] /home/atuin/g102ea/g102ea22/mr-Audio/lavis/tasks/moment_retrieval.py:241: FutureWarning: `torch.cuda.amp.autocast(args...)` is deprecated. Please use `torch.amp.autocast('cuda', args...)` instead.
  with torch.cuda.amp.autocast(enabled=use_amp):

2024-12-16 16:54:57,261 [WARNING] /home/atuin/g102ea/g102ea22/mr-Audio/lavis/tasks/moment_retrieval.py:241: FutureWarning: `torch.cuda.amp.autocast(args...)` is deprecated. Please use `torch.amp.autocast('cuda', args...)` instead.
  with torch.cuda.amp.autocast(enabled=use_amp):

2024-12-16 16:54:59,193 [WARNING] /home/atuin/g102ea/g102ea22/mr-Audio/lavis/tasks/moment_retrieval.py:241: FutureWarning: `torch.cuda.amp.autocast(args...)` is deprecated. Please use `torch.amp.autocast('cuda', args...)` instead.
  with torch.cuda.amp.autocast(enabled=use_amp):

2024-12-16 16:55:01,444 [WARNING] /home/atuin/g102ea/g102ea22/mr-Audio/lavis/tasks/moment_retrieval.py:241: FutureWarning: `torch.cuda.amp.autocast(args...)` is deprecated. Please use `torch.amp.autocast('cuda', args...)` instead.
  with torch.cuda.amp.autocast(enabled=use_amp):

2024-12-16 16:55:17,962 [WARNING] /home/atuin/g102ea/g102ea22/mr-Audio/lavis/models/blip2_mr_models/blip2_mr.py:1165: FutureWarning: `torch.cuda.amp.autocast(args...)` is deprecated. Please use `torch.amp.autocast('cuda', args...)` instead.
  with torch.cuda.amp.autocast(enabled=(self.eigendevice != torch.device("cpu"))): #switch to self.device for original

2024-12-16 16:55:17,973 [WARNING] /home/atuin/g102ea/g102ea22/mr-Audio/lavis/models/blip2_mr_models/blip2_mr.py:1165: FutureWarning: `torch.cuda.amp.autocast(args...)` is deprecated. Please use `torch.amp.autocast('cuda', args...)` instead.
  with torch.cuda.amp.autocast(enabled=(self.eigendevice != torch.device("cpu"))): #switch to self.device for original

2024-12-16 16:55:17,993 [WARNING] /home/atuin/g102ea/g102ea22/mr-Audio/lavis/models/blip2_mr_models/blip2_mr.py:1165: FutureWarning: `torch.cuda.amp.autocast(args...)` is deprecated. Please use `torch.amp.autocast('cuda', args...)` instead.
  with torch.cuda.amp.autocast(enabled=(self.eigendevice != torch.device("cpu"))): #switch to self.device for original

2024-12-16 16:55:18,035 [WARNING] /home/atuin/g102ea/g102ea22/mr-Audio/lavis/models/blip2_mr_models/blip2_mr.py:1165: FutureWarning: `torch.cuda.amp.autocast(args...)` is deprecated. Please use `torch.amp.autocast('cuda', args...)` instead.
  with torch.cuda.amp.autocast(enabled=(self.eigendevice != torch.device("cpu"))): #switch to self.device for original

2024-12-16 16:55:20,482 [WARNING] /home/atuin/g102ea/g102ea22/mr-Audio/lavis/models/blip2_mr_models/blip2_mr.py:365: FutureWarning: `torch.cuda.amp.autocast(args...)` is deprecated. Please use `torch.amp.autocast('cuda', args...)` instead.
  with (torch.cuda.amp.autocast(dtype=torch.float32)):

2024-12-16 16:55:20,486 [WARNING] /home/atuin/g102ea/g102ea22/mr-Audio/lavis/models/blip2_mr_models/blip2_mr.py:365: FutureWarning: `torch.cuda.amp.autocast(args...)` is deprecated. Please use `torch.amp.autocast('cuda', args...)` instead.
  with (torch.cuda.amp.autocast(dtype=torch.float32)):

2024-12-16 16:55:20,488 [WARNING] /home/atuin/g102ea/g102ea22/mr-Audio/lavis/models/blip2_mr_models/blip2_mr.py:365: FutureWarning: `torch.cuda.amp.autocast(args...)` is deprecated. Please use `torch.amp.autocast('cuda', args...)` instead.
  with (torch.cuda.amp.autocast(dtype=torch.float32)):

2024-12-16 16:55:20,489 [WARNING] /home/atuin/g102ea/g102ea22/mr-Audio/lavis/models/blip2_mr_models/blip2_mr.py:365: FutureWarning: `torch.cuda.amp.autocast(args...)` is deprecated. Please use `torch.amp.autocast('cuda', args...)` instead.
  with (torch.cuda.amp.autocast(dtype=torch.float32)):

Traceback (most recent call last):
  File "train.py", line 154, in <module>
    main()
  File "train.py", line 150, in main
    runner.train()
  File "/home/atuin/g102ea/g102ea22/mr-Audio/lavis/runners/runner_base.py", line 386, in train
    train_stats = self.train_epoch(cur_epoch)
  File "/home/atuin/g102ea/g102ea22/mr-Audio/lavis/runners/runner_base.py", line 445, in train_epoch
    return self.task.train_epoch(
  File "/home/atuin/g102ea/g102ea22/mr-Audio/lavis/tasks/base_task.py", line 116, in train_epoch
    return self._train_inner_loop(
  File "/home/atuin/g102ea/g102ea22/mr-Audio/lavis/tasks/moment_retrieval.py", line 228, in _train_inner_loop
    samples = next(data_loader)
  File "/home/atuin/g102ea/g102ea22/mr-Audio/lavis/datasets/datasets/dataloader_utils.py", line 152, in __next__
    data = next(self.iter_loader)
  File "/home/atuin/g102ea/g102ea22/mr-Audio/lavis/datasets/datasets/dataloader_utils.py", line 76, in __iter__
    batch = self.next(loader_it)
  File "/home/atuin/g102ea/g102ea22/mr-Audio/lavis/datasets/datasets/dataloader_utils.py", line 111, in next
    self.preload(it)
  File "/home/atuin/g102ea/g102ea22/mr-Audio/lavis/datasets/datasets/dataloader_utils.py", line 83, in preload
    self.batch = next(it)
  File "/home/atuin/g102ea/g102ea22/software/private/conda/envs/mrBlipAudio/lib/python3.8/site-packages/torch/utils/data/dataloader.py", line 630, in __next__
    data = self._next_data()
  File "/home/atuin/g102ea/g102ea22/software/private/conda/envs/mrBlipAudio/lib/python3.8/site-packages/torch/utils/data/dataloader.py", line 1344, in _next_data
    return self._process_data(data)
  File "/home/atuin/g102ea/g102ea22/software/private/conda/envs/mrBlipAudio/lib/python3.8/site-packages/torch/utils/data/dataloader.py", line 1370, in _process_data
    data.reraise()
  File "/home/atuin/g102ea/g102ea22/software/private/conda/envs/mrBlipAudio/lib/python3.8/site-packages/torch/_utils.py", line 706, in reraise
    raise exception
RuntimeError: Caught RuntimeError in DataLoader worker process 7.
Original Traceback (most recent call last):
  File "/home/atuin/g102ea/g102ea22/software/private/conda/envs/mrBlipAudio/lib/python3.8/site-packages/torch/utils/data/_utils/worker.py", line 309, in _worker_loop
    data = fetcher.fetch(index)  # type: ignore[possibly-undefined]
  File "/home/atuin/g102ea/g102ea22/software/private/conda/envs/mrBlipAudio/lib/python3.8/site-packages/torch/utils/data/_utils/fetch.py", line 55, in fetch
    return self.collate_fn(data)
  File "/home/atuin/g102ea/g102ea22/mr-Audio/lavis/datasets/datasets/base_dataset.py", line 83, in collater
    return self.datasets[0].collater(samples_shared_keys)
  File "/home/atuin/g102ea/g102ea22/mr-Audio/lavis/datasets/datasets/base_dataset.py", line 50, in collater
    return default_collate(samples)
  File "/home/atuin/g102ea/g102ea22/software/private/conda/envs/mrBlipAudio/lib/python3.8/site-packages/torch/utils/data/_utils/collate.py", line 317, in default_collate
    return collate(batch, collate_fn_map=default_collate_fn_map)
  File "/home/atuin/g102ea/g102ea22/software/private/conda/envs/mrBlipAudio/lib/python3.8/site-packages/torch/utils/data/_utils/collate.py", line 155, in collate
    clone.update({key: collate([d[key] for d in batch], collate_fn_map=collate_fn_map) for key in elem})
  File "/home/atuin/g102ea/g102ea22/software/private/conda/envs/mrBlipAudio/lib/python3.8/site-packages/torch/utils/data/_utils/collate.py", line 155, in <dictcomp>
    clone.update({key: collate([d[key] for d in batch], collate_fn_map=collate_fn_map) for key in elem})
  File "/home/atuin/g102ea/g102ea22/software/private/conda/envs/mrBlipAudio/lib/python3.8/site-packages/torch/utils/data/_utils/collate.py", line 142, in collate
    return collate_fn_map[elem_type](batch, collate_fn_map=collate_fn_map)
  File "/home/atuin/g102ea/g102ea22/software/private/conda/envs/mrBlipAudio/lib/python3.8/site-packages/torch/utils/data/_utils/collate.py", line 213, in collate_tensor_fn
    out = elem.new(storage).resize_(len(batch), *list(elem.size()))
RuntimeError: Trying to resize storage that is not resizable

[rank0]: Traceback (most recent call last):
[rank0]:   File "train.py", line 154, in <module>
[rank0]:     main()
[rank0]:   File "train.py", line 150, in main
[rank0]:     runner.train()
[rank0]:   File "/home/atuin/g102ea/g102ea22/mr-Audio/lavis/runners/runner_base.py", line 386, in train
[rank0]:     train_stats = self.train_epoch(cur_epoch)
[rank0]:   File "/home/atuin/g102ea/g102ea22/mr-Audio/lavis/runners/runner_base.py", line 445, in train_epoch
[rank0]:     return self.task.train_epoch(
[rank0]:   File "/home/atuin/g102ea/g102ea22/mr-Audio/lavis/tasks/base_task.py", line 116, in train_epoch
[rank0]:     return self._train_inner_loop(
[rank0]:   File "/home/atuin/g102ea/g102ea22/mr-Audio/lavis/tasks/moment_retrieval.py", line 228, in _train_inner_loop
[rank0]:     samples = next(data_loader)
[rank0]:   File "/home/atuin/g102ea/g102ea22/mr-Audio/lavis/datasets/datasets/dataloader_utils.py", line 152, in __next__
[rank0]:     data = next(self.iter_loader)
[rank0]:   File "/home/atuin/g102ea/g102ea22/mr-Audio/lavis/datasets/datasets/dataloader_utils.py", line 76, in __iter__
[rank0]:     batch = self.next(loader_it)
[rank0]:   File "/home/atuin/g102ea/g102ea22/mr-Audio/lavis/datasets/datasets/dataloader_utils.py", line 111, in next
[rank0]:     self.preload(it)
[rank0]:   File "/home/atuin/g102ea/g102ea22/mr-Audio/lavis/datasets/datasets/dataloader_utils.py", line 83, in preload
[rank0]:     self.batch = next(it)
[rank0]:   File "/home/atuin/g102ea/g102ea22/software/private/conda/envs/mrBlipAudio/lib/python3.8/site-packages/torch/utils/data/dataloader.py", line 630, in __next__
[rank0]:     data = self._next_data()
[rank0]:   File "/home/atuin/g102ea/g102ea22/software/private/conda/envs/mrBlipAudio/lib/python3.8/site-packages/torch/utils/data/dataloader.py", line 1344, in _next_data
[rank0]:     return self._process_data(data)
[rank0]:   File "/home/atuin/g102ea/g102ea22/software/private/conda/envs/mrBlipAudio/lib/python3.8/site-packages/torch/utils/data/dataloader.py", line 1370, in _process_data
[rank0]:     data.reraise()
[rank0]:   File "/home/atuin/g102ea/g102ea22/software/private/conda/envs/mrBlipAudio/lib/python3.8/site-packages/torch/_utils.py", line 706, in reraise
[rank0]:     raise exception
[rank0]: RuntimeError: Caught RuntimeError in DataLoader worker process 7.
[rank0]: Original Traceback (most recent call last):
[rank0]:   File "/home/atuin/g102ea/g102ea22/software/private/conda/envs/mrBlipAudio/lib/python3.8/site-packages/torch/utils/data/_utils/worker.py", line 309, in _worker_loop
[rank0]:     data = fetcher.fetch(index)  # type: ignore[possibly-undefined]
[rank0]:   File "/home/atuin/g102ea/g102ea22/software/private/conda/envs/mrBlipAudio/lib/python3.8/site-packages/torch/utils/data/_utils/fetch.py", line 55, in fetch
[rank0]:     return self.collate_fn(data)
[rank0]:   File "/home/atuin/g102ea/g102ea22/mr-Audio/lavis/datasets/datasets/base_dataset.py", line 83, in collater
[rank0]:     return self.datasets[0].collater(samples_shared_keys)
[rank0]:   File "/home/atuin/g102ea/g102ea22/mr-Audio/lavis/datasets/datasets/base_dataset.py", line 50, in collater
[rank0]:     return default_collate(samples)
[rank0]:   File "/home/atuin/g102ea/g102ea22/software/private/conda/envs/mrBlipAudio/lib/python3.8/site-packages/torch/utils/data/_utils/collate.py", line 317, in default_collate
[rank0]:     return collate(batch, collate_fn_map=default_collate_fn_map)
[rank0]:   File "/home/atuin/g102ea/g102ea22/software/private/conda/envs/mrBlipAudio/lib/python3.8/site-packages/torch/utils/data/_utils/collate.py", line 155, in collate
[rank0]:     clone.update({key: collate([d[key] for d in batch], collate_fn_map=collate_fn_map) for key in elem})
[rank0]:   File "/home/atuin/g102ea/g102ea22/software/private/conda/envs/mrBlipAudio/lib/python3.8/site-packages/torch/utils/data/_utils/collate.py", line 155, in <dictcomp>
[rank0]:     clone.update({key: collate([d[key] for d in batch], collate_fn_map=collate_fn_map) for key in elem})
[rank0]:   File "/home/atuin/g102ea/g102ea22/software/private/conda/envs/mrBlipAudio/lib/python3.8/site-packages/torch/utils/data/_utils/collate.py", line 142, in collate
[rank0]:     return collate_fn_map[elem_type](batch, collate_fn_map=collate_fn_map)
[rank0]:   File "/home/atuin/g102ea/g102ea22/software/private/conda/envs/mrBlipAudio/lib/python3.8/site-packages/torch/utils/data/_utils/collate.py", line 213, in collate_tensor_fn
[rank0]:     out = elem.new(storage).resize_(len(batch), *list(elem.size()))
[rank0]: RuntimeError: Trying to resize storage that is not resizable

W1216 17:24:08.918214 23439576135488 torch/distributed/elastic/multiprocessing/api.py:858] Sending process 489642 closing signal SIGTERM
W1216 17:24:08.920007 23439576135488 torch/distributed/elastic/multiprocessing/api.py:858] Sending process 489643 closing signal SIGTERM
W1216 17:24:08.924617 23439576135488 torch/distributed/elastic/multiprocessing/api.py:858] Sending process 489644 closing signal SIGTERM
E1216 17:24:08.934570 23439576135488 torch/distributed/elastic/multiprocessing/api.py:833] failed (exitcode: 1) local_rank: 0 (pid: 489641) of binary: /home/atuin/g102ea/g102ea22/software/private/conda/envs/mrBlipAudio/bin/python
Traceback (most recent call last):
  File "/home/atuin/g102ea/g102ea22/software/private/conda/envs/mrBlipAudio/lib/python3.8/runpy.py", line 194, in _run_module_as_main
    return _run_code(code, main_globals, None,
  File "/home/atuin/g102ea/g102ea22/software/private/conda/envs/mrBlipAudio/lib/python3.8/runpy.py", line 87, in _run_code
    exec(code, run_globals)
  File "/home/atuin/g102ea/g102ea22/software/private/conda/envs/mrBlipAudio/lib/python3.8/site-packages/torch/distributed/run.py", line 905, in <module>
    main()
  File "/home/atuin/g102ea/g102ea22/software/private/conda/envs/mrBlipAudio/lib/python3.8/site-packages/torch/distributed/elastic/multiprocessing/errors/__init__.py", line 348, in wrapper
    return f(*args, **kwargs)
  File "/home/atuin/g102ea/g102ea22/software/private/conda/envs/mrBlipAudio/lib/python3.8/site-packages/torch/distributed/run.py", line 901, in main
    run(args)
  File "/home/atuin/g102ea/g102ea22/software/private/conda/envs/mrBlipAudio/lib/python3.8/site-packages/torch/distributed/run.py", line 892, in run
    elastic_launch(
  File "/home/atuin/g102ea/g102ea22/software/private/conda/envs/mrBlipAudio/lib/python3.8/site-packages/torch/distributed/launcher/api.py", line 133, in __call__
    return launch_agent(self._config, self._entrypoint, list(args))
  File "/home/atuin/g102ea/g102ea22/software/private/conda/envs/mrBlipAudio/lib/python3.8/site-packages/torch/distributed/launcher/api.py", line 264, in launch_agent
    raise ChildFailedError(
torch.distributed.elastic.multiprocessing.errors.ChildFailedError: 
============================================================
train.py FAILED
------------------------------------------------------------
Failures:
  <NO_OTHER_FAILURES>
------------------------------------------------------------
Root Cause (first observed failure):
[0]:
  time      : 2024-12-16_17:24:08
  host      : a0633.nhr.fau.de
  rank      : 0 (local_rank: 0)
  exitcode  : 1 (pid: 489641)
  error_file: <N/A>
  traceback : To enable traceback see: https://pytorch.org/docs/stable/elastic/errors.html
============================================================
