=== JOB_STATISTICS ===
=== current date     : Sun Dec 15 08:52:17 CET 2024
= Job-ID             : 2242414 on alex
= Job-Name           : mr_audio_charades
= Job-Command        : /home/atuin/g102ea/g102ea22/mr-Audio/train_charades_sta.sh
= Initial workdir    : /home/atuin/g102ea/g102ea22/mr-Audio
= Queue/Partition    : a100
= Slurm account      : g102ea with QOS=normal
= Features           : a100_40
= Requested resources:  for 12:00:00
= Elapsed runtime    : 00:00:03
= Total RAM usage    : 0.0 GiB of assigned  GiB (%)
= Node list          : a0703
= Subm/Elig/Start/End: 2024-12-15T08:48:54 / 2024-12-15T08:48:54 / 2024-12-15T08:52:14 / 2024-12-15T08:52:17
======================
=== Quota infos ======
    Path              Used     SoftQ    HardQ    Gracetime  Filec    FileQ    FiHaQ    FileGrace    
    /home/hpc            6.6G   104.9G   209.7G        N/A   3,845      500K   1,000K        N/A    
    /home/vault          0.0K  1048.6G  2097.2G        N/A       1      200K     400K        N/A    
======================
=== GPU utilization ==
gpu_name, gpu_bus_id, pid, gpu_utilization [%], mem_utilization [%], max_memory_usage [MiB], time [ms]
